2024-09-24 11:31:28,520 - INFO - patching driver executable C:\Users\lukas\appdata\roaming\undetected_chromedriver\undetected_chromedriver.exe
2024-09-24 11:31:36,736 - INFO - patching driver executable C:\Users\lukas\appdata\roaming\undetected_chromedriver\undetected_chromedriver.exe
2024-09-24 11:33:02,387 - INFO - patching driver executable C:\Users\lukas\appdata\roaming\undetected_chromedriver\undetected_chromedriver.exe
2024-09-24 11:33:08,687 - INFO - patching driver executable C:\Users\lukas\appdata\roaming\undetected_chromedriver\undetected_chromedriver.exe
2024-09-24 11:33:16,525 - INFO - First attempt failed for product 1WRXW, refreshing page...
2024-09-24 11:33:57,815 - INFO - Scanning complete
2024-09-24 15:37:35,507 - INFO - patching driver executable C:\Users\lukas\appdata\roaming\undetected_chromedriver\undetected_chromedriver.exe
2024-09-24 15:37:42,363 - INFO - patching driver executable C:\Users\lukas\appdata\roaming\undetected_chromedriver\undetected_chromedriver.exe
2024-09-24 15:45:40,759 - INFO - patching driver executable C:\Users\lukas\appdata\roaming\undetected_chromedriver\undetected_chromedriver.exe
2024-09-24 15:45:47,433 - INFO - patching driver executable C:\Users\lukas\appdata\roaming\undetected_chromedriver\undetected_chromedriver.exe
2024-09-24 15:46:45,231 - INFO - patching driver executable C:\Users\lukas\appdata\roaming\undetected_chromedriver\undetected_chromedriver.exe
2024-09-24 15:46:50,636 - INFO - patching driver executable C:\Users\lukas\appdata\roaming\undetected_chromedriver\undetected_chromedriver.exe
2024-09-24 16:01:49,779 - INFO - patching driver executable C:\Users\lukas\appdata\roaming\undetected_chromedriver\undetected_chromedriver.exe
2024-09-24 16:01:55,757 - INFO - patching driver executable C:\Users\lukas\appdata\roaming\undetected_chromedriver\undetected_chromedriver.exe
2024-09-24 16:02:51,411 - INFO - patching driver executable C:\Users\lukas\appdata\roaming\undetected_chromedriver\undetected_chromedriver.exe
2024-09-24 16:02:56,077 - INFO - patching driver executable C:\Users\lukas\appdata\roaming\undetected_chromedriver\undetected_chromedriver.exe
2024-09-24 16:04:42,882 - INFO - patching driver executable C:\Users\lukas\appdata\roaming\undetected_chromedriver\undetected_chromedriver.exe
2024-09-24 16:04:48,774 - INFO - patching driver executable C:\Users\lukas\appdata\roaming\undetected_chromedriver\undetected_chromedriver.exe
2024-09-24 16:04:56,224 - INFO - First attempt failed for product 7FW7W, refreshing page...
2024-09-24 16:05:03,179 - INFO - Scanning complete
2024-09-24 16:05:03,209 - ERROR - Invalid desktop model: n/a
2024-09-24 16:05:03,212 - ERROR - Invalid desktop model: n/a
2024-09-24 16:05:03,213 - ERROR - Invalid desktop model: n/a
2024-09-24 16:05:03,214 - ERROR - Invalid desktop model: n/a
2024-09-24 16:05:03,215 - ERROR - Invalid desktop model: n/a
2024-09-24 16:05:03,221 - ERROR - Invalid desktop model: n/a
2024-09-24 16:05:03,222 - ERROR - Invalid desktop model: n/a
2024-09-24 16:05:03,223 - ERROR - Invalid desktop model: n/a
2024-09-24 16:05:03,224 - ERROR - Invalid desktop model: n/a
2024-09-24 16:05:03,225 - ERROR - Invalid desktop model: n/a
2024-09-24 16:05:03,226 - ERROR - Invalid desktop model: n/a
2024-09-24 16:05:03,227 - ERROR - Invalid desktop model: n/a
2024-09-24 16:05:21,271 - INFO - patching driver executable C:\Users\lukas\appdata\roaming\undetected_chromedriver\undetected_chromedriver.exe
2024-09-24 16:05:27,534 - INFO - patching driver executable C:\Users\lukas\appdata\roaming\undetected_chromedriver\undetected_chromedriver.exe
2024-09-24 16:05:35,128 - INFO - First attempt failed for product 11T300C0US, refreshing page...
2024-09-24 16:06:26,778 - INFO - Scanning complete
2024-09-24 16:13:43,794 - INFO - patching driver executable C:\Users\lukas\appdata\roaming\undetected_chromedriver\undetected_chromedriver.exe
2024-09-24 16:14:21,108 - INFO - patching driver executable C:\Users\lukas\appdata\roaming\undetected_chromedriver\undetected_chromedriver.exe
2024-09-24 16:14:25,908 - INFO - patching driver executable C:\Users\lukas\appdata\roaming\undetected_chromedriver\undetected_chromedriver.exe
2024-09-24 16:14:33,533 - INFO - First attempt failed for product 11T300C0US, refreshing page...
2024-09-24 16:15:21,699 - INFO - Scanning complete
2024-09-24 16:26:30,620 - INFO - patching driver executable C:\Users\lukas\appdata\roaming\undetected_chromedriver\undetected_chromedriver.exe
2024-09-24 16:26:38,204 - INFO - patching driver executable C:\Users\lukas\appdata\roaming\undetected_chromedriver\undetected_chromedriver.exe
2024-09-24 16:26:46,105 - INFO - First attempt failed for product 82UY0000US, refreshing page...
2024-09-24 16:27:35,099 - INFO - Scanning complete
2024-09-24 16:27:35,159 - ERROR - Invalid desktop model: n/a
2024-09-24 16:27:35,166 - ERROR - Invalid desktop model: n/a
2024-09-24 16:27:35,642 - INFO - Attempting to match 'N-Series N100' (original: 'Intel N-Series N100') - Best match: 'Intel N100' with score: 90%
2024-09-24 16:27:35,643 - INFO - Fuzzy matched 'Intel N-Series N100' to 'Intel N100' with score 90%
2024-09-24 16:27:35,643 - ERROR - Invalid desktop model: n/a
2024-09-24 16:27:36,733 - INFO - Attempting to match 'MediaTek Kompanio 520' (original: 'MediaTek Kompanio 520') - Best match: 'MediaTek Kompanio 520/528 (MT8186/MT8186T)' with score: 90%
2024-09-24 16:27:36,734 - INFO - Fuzzy matched 'MediaTek Kompanio 520' to 'MediaTek Kompanio 520/528 (MT8186/MT8186T)' with score 90%
2024-09-24 16:27:37,109 - INFO - Attempting to match 'ARM Mali-G52 2EE MC2' (original: 'ARM Mali-G52 2EE MC2') - Best match: 'Intel Arc' with score: 60%
2024-09-24 16:27:37,110 - INFO - No suitable match for 'ARM Mali-G52 2EE MC2' (best score was 60%)
2024-09-24 16:27:37,110 - WARNING - No suitable match found for GPU: ARM Mali-G52 2EE MC2
2024-09-24 16:27:37,111 - ERROR - Invalid desktop model: n/a
2024-09-24 16:27:37,116 - ERROR - Invalid desktop model: n/a
2024-09-24 16:27:37,120 - ERROR - Invalid desktop model: n/a
2024-09-24 16:27:37,123 - ERROR - Invalid desktop model: n/a
2024-09-24 16:27:37,127 - ERROR - Invalid desktop model: n/a
2024-09-24 16:27:37,130 - ERROR - Invalid desktop model: n/a
2024-09-24 16:27:37,132 - ERROR - Invalid desktop model: n/a
2024-09-24 16:27:37,136 - ERROR - Invalid desktop model: n/a
2024-09-24 16:27:37,139 - ERROR - Invalid desktop model: n/a
2024-09-24 16:27:37,425 - INFO - Attempting to match 'RTX A500' (original: 'NVIDIA RTX A500') - Best match: 'RTX A4500' with score: 94%
2024-09-24 16:27:37,425 - INFO - Fuzzy matched 'NVIDIA RTX A500' to 'RTX A4500' with score 94%
2024-09-24 16:27:37,426 - ERROR - Invalid desktop model: n/a
2024-09-24 16:27:37,430 - ERROR - Invalid desktop model: n/a
2024-09-24 16:27:37,434 - ERROR - Invalid desktop model: n/a
2024-09-24 16:31:48,211 - INFO - patching driver executable C:\Users\lukas\appdata\roaming\undetected_chromedriver\undetected_chromedriver.exe
2024-09-24 16:31:55,502 - INFO - patching driver executable C:\Users\lukas\appdata\roaming\undetected_chromedriver\undetected_chromedriver.exe
2024-09-24 16:31:56,968 - INFO - Scanning complete
2024-09-24 16:31:57,059 - ERROR - Invalid desktop model: n/a
2024-09-24 16:31:57,061 - ERROR - Invalid desktop model: n/a
2024-09-24 16:31:57,549 - INFO - Attempting to match 'N-Series N100' (original: 'Intel N-Series N100') - Best match: 'Intel N100' with score: 90%
2024-09-24 16:31:57,550 - INFO - Fuzzy matched 'Intel N-Series N100' to 'Intel N100' with score 90%
2024-09-24 16:31:57,550 - ERROR - Invalid desktop model: n/a
2024-09-24 16:31:58,679 - INFO - Attempting to match 'MediaTek Kompanio 520' (original: 'MediaTek Kompanio 520') - Best match: 'MediaTek Kompanio 520/528 (MT8186/MT8186T)' with score: 90%
2024-09-24 16:31:58,680 - INFO - Fuzzy matched 'MediaTek Kompanio 520' to 'MediaTek Kompanio 520/528 (MT8186/MT8186T)' with score 90%
2024-09-24 16:31:59,066 - INFO - Attempting to match 'ARM Mali-G52 2EE MC2' (original: 'ARM Mali-G52 2EE MC2') - Best match: 'Intel Arc' with score: 60%
2024-09-24 16:31:59,067 - INFO - No suitable match for 'ARM Mali-G52 2EE MC2' (best score was 60%)
2024-09-24 16:31:59,067 - WARNING - No suitable match found for GPU: ARM Mali-G52 2EE MC2
2024-09-24 16:31:59,067 - ERROR - Invalid desktop model: n/a
2024-09-24 16:31:59,069 - ERROR - Invalid desktop model: n/a
2024-09-24 16:31:59,070 - ERROR - Invalid desktop model: n/a
2024-09-24 16:31:59,071 - ERROR - Invalid desktop model: n/a
2024-09-24 16:31:59,072 - ERROR - Invalid desktop model: n/a
2024-09-24 16:31:59,073 - ERROR - Invalid desktop model: n/a
2024-09-24 16:31:59,074 - ERROR - Invalid desktop model: n/a
2024-09-24 16:31:59,075 - ERROR - Invalid desktop model: n/a
2024-09-24 16:31:59,076 - ERROR - Invalid desktop model: n/a
2024-09-24 16:31:59,380 - INFO - Attempting to match 'RTX A500' (original: 'NVIDIA RTX A500') - Best match: 'RTX A4500' with score: 94%
2024-09-24 16:31:59,380 - INFO - Fuzzy matched 'NVIDIA RTX A500' to 'RTX A4500' with score 94%
2024-09-24 16:31:59,381 - ERROR - Invalid desktop model: n/a
2024-09-24 16:31:59,382 - ERROR - Invalid desktop model: n/a
2024-09-24 16:31:59,383 - ERROR - Invalid desktop model: n/a
2024-09-24 16:32:37,957 - INFO - patching driver executable C:\Users\lukas\appdata\roaming\undetected_chromedriver\undetected_chromedriver.exe
2024-09-24 16:32:46,411 - INFO - patching driver executable C:\Users\lukas\appdata\roaming\undetected_chromedriver\undetected_chromedriver.exe
2024-09-24 16:32:47,794 - INFO - Scanning complete
2024-09-24 16:32:47,882 - WARNING - No form factor information available.
2024-09-24 16:32:47,884 - WARNING - No form factor information available.
2024-09-24 16:32:48,360 - INFO - Attempting to match 'N-Series N100' (original: 'Intel N-Series N100') - Best match: 'Intel N100' with score: 90%
2024-09-24 16:32:48,361 - INFO - Fuzzy matched 'Intel N-Series N100' to 'Intel N100' with score 90%
2024-09-24 16:32:48,361 - WARNING - No form factor information available.
2024-09-24 16:32:49,437 - INFO - Attempting to match 'MediaTek Kompanio 520' (original: 'MediaTek Kompanio 520') - Best match: 'MediaTek Kompanio 520/528 (MT8186/MT8186T)' with score: 90%
2024-09-24 16:32:49,438 - INFO - Fuzzy matched 'MediaTek Kompanio 520' to 'MediaTek Kompanio 520/528 (MT8186/MT8186T)' with score 90%
2024-09-24 16:32:49,825 - INFO - Attempting to match 'ARM Mali-G52 2EE MC2' (original: 'ARM Mali-G52 2EE MC2') - Best match: 'Intel Arc' with score: 60%
2024-09-24 16:32:49,825 - INFO - No suitable match for 'ARM Mali-G52 2EE MC2' (best score was 60%)
2024-09-24 16:32:49,826 - WARNING - No suitable match found for GPU: ARM Mali-G52 2EE MC2
2024-09-24 16:32:49,826 - WARNING - No form factor information available.
2024-09-24 16:32:49,827 - WARNING - No form factor information available.
2024-09-24 16:32:49,828 - WARNING - No form factor information available.
2024-09-24 16:32:49,830 - WARNING - No form factor information available.
2024-09-24 16:32:49,831 - WARNING - No form factor information available.
2024-09-24 16:32:49,832 - WARNING - No form factor information available.
2024-09-24 16:32:49,834 - WARNING - No form factor information available.
2024-09-24 16:32:49,834 - WARNING - No form factor information available.
2024-09-24 16:32:49,835 - WARNING - No form factor information available.
2024-09-24 16:32:50,119 - INFO - Attempting to match 'RTX A500' (original: 'NVIDIA RTX A500') - Best match: 'RTX A4500' with score: 94%
2024-09-24 16:32:50,120 - INFO - Fuzzy matched 'NVIDIA RTX A500' to 'RTX A4500' with score 94%
2024-09-24 16:32:50,120 - WARNING - No form factor information available.
2024-09-24 16:32:50,122 - WARNING - No form factor information available.
2024-09-24 16:32:50,123 - WARNING - No form factor information available.
2024-09-24 16:33:48,773 - INFO - patching driver executable C:\Users\lukas\appdata\roaming\undetected_chromedriver\undetected_chromedriver.exe
2024-09-24 16:33:55,311 - INFO - patching driver executable C:\Users\lukas\appdata\roaming\undetected_chromedriver\undetected_chromedriver.exe
2024-09-24 16:33:56,724 - INFO - Scanning complete
2024-09-24 16:33:56,819 - WARNING - No form factor information available.
2024-09-24 16:33:56,821 - WARNING - No form factor information available.
2024-09-24 16:33:57,293 - INFO - Attempting to match 'N-Series N100' (original: 'Intel N-Series N100') - Best match: 'Intel N100' with score: 90%
2024-09-24 16:33:57,293 - INFO - Fuzzy matched 'Intel N-Series N100' to 'Intel N100' with score 90%
2024-09-24 16:33:57,293 - WARNING - No form factor information available.
2024-09-24 16:33:58,373 - INFO - Attempting to match 'MediaTek Kompanio 520' (original: 'MediaTek Kompanio 520') - Best match: 'MediaTek Kompanio 520/528 (MT8186/MT8186T)' with score: 90%
2024-09-24 16:33:58,373 - INFO - Fuzzy matched 'MediaTek Kompanio 520' to 'MediaTek Kompanio 520/528 (MT8186/MT8186T)' with score 90%
2024-09-24 16:33:58,759 - INFO - Attempting to match 'ARM Mali-G52 2EE MC2' (original: 'ARM Mali-G52 2EE MC2') - Best match: 'Intel Arc' with score: 60%
2024-09-24 16:33:58,759 - INFO - No suitable match for 'ARM Mali-G52 2EE MC2' (best score was 60%)
2024-09-24 16:33:58,759 - WARNING - No suitable match found for GPU: ARM Mali-G52 2EE MC2
2024-09-24 16:33:58,760 - WARNING - No form factor information available.
2024-09-24 16:33:58,761 - WARNING - No form factor information available.
2024-09-24 16:33:58,762 - WARNING - No form factor information available.
2024-09-24 16:33:58,763 - WARNING - No form factor information available.
2024-09-24 16:33:58,765 - WARNING - No form factor information available.
2024-09-24 16:33:58,766 - WARNING - No form factor information available.
2024-09-24 16:33:58,767 - WARNING - No form factor information available.
2024-09-24 16:33:58,769 - WARNING - No form factor information available.
2024-09-24 16:33:58,770 - WARNING - No form factor information available.
2024-09-24 16:33:59,060 - INFO - Attempting to match 'RTX A500' (original: 'NVIDIA RTX A500') - Best match: 'RTX A4500' with score: 94%
2024-09-24 16:33:59,060 - INFO - Fuzzy matched 'NVIDIA RTX A500' to 'RTX A4500' with score 94%
2024-09-24 16:33:59,060 - WARNING - No form factor information available.
2024-09-24 16:33:59,062 - WARNING - No form factor information available.
2024-09-24 16:33:59,063 - WARNING - No form factor information available.
2024-09-24 18:32:47,561 - INFO - patching driver executable C:\Users\lukas\appdata\roaming\undetected_chromedriver\undetected_chromedriver.exe
2024-09-24 18:32:59,814 - INFO - patching driver executable C:\Users\lukas\appdata\roaming\undetected_chromedriver\undetected_chromedriver.exe
2024-09-24 18:33:07,426 - INFO - First attempt failed for product 82UY0000US, refreshing page...
2024-09-24 18:33:59,460 - INFO - Scanning complete
2024-09-24 18:33:59,508 - WARNING - No form factor information available.
2024-09-24 18:33:59,513 - WARNING - No form factor information available.
2024-09-24 18:33:59,994 - INFO - Attempting to match 'N-Series N100' (original: 'Intel N-Series N100') - Best match: 'Intel N100' with score: 90%
2024-09-24 18:33:59,995 - INFO - Fuzzy matched 'Intel N-Series N100' to 'Intel N100' with score 90%
2024-09-24 18:33:59,995 - WARNING - No form factor information available.
2024-09-24 18:34:01,100 - INFO - Attempting to match 'MediaTek Kompanio 520' (original: 'MediaTek Kompanio 520') - Best match: 'MediaTek Kompanio 520/528 (MT8186/MT8186T)' with score: 90%
2024-09-24 18:34:01,100 - INFO - Fuzzy matched 'MediaTek Kompanio 520' to 'MediaTek Kompanio 520/528 (MT8186/MT8186T)' with score 90%
2024-09-24 18:34:01,463 - INFO - Attempting to match 'ARM Mali-G52 2EE MC2' (original: 'ARM Mali-G52 2EE MC2') - Best match: 'Intel Arc' with score: 60%
2024-09-24 18:34:01,463 - INFO - No suitable match for 'ARM Mali-G52 2EE MC2' (best score was 60%)
2024-09-24 18:34:01,464 - WARNING - No suitable match found for GPU: ARM Mali-G52 2EE MC2
2024-09-24 18:34:01,464 - WARNING - No form factor information available.
2024-09-24 18:34:01,468 - WARNING - No form factor information available.
2024-09-24 18:34:01,472 - WARNING - No form factor information available.
2024-09-24 18:34:01,475 - WARNING - No form factor information available.
2024-09-24 18:34:01,479 - WARNING - No form factor information available.
2024-09-24 18:34:01,483 - WARNING - No form factor information available.
2024-09-24 18:34:01,486 - WARNING - No form factor information available.
2024-09-24 18:34:01,490 - WARNING - No form factor information available.
2024-09-24 18:34:01,492 - WARNING - No form factor information available.
2024-09-24 18:34:01,781 - INFO - Attempting to match 'RTX A500' (original: 'NVIDIA RTX A500') - Best match: 'RTX A4500' with score: 94%
2024-09-24 18:34:01,782 - INFO - Fuzzy matched 'NVIDIA RTX A500' to 'RTX A4500' with score 94%
2024-09-24 18:34:01,782 - WARNING - No form factor information available.
2024-09-24 18:34:01,787 - WARNING - No form factor information available.
2024-09-24 18:34:01,791 - WARNING - No form factor information available.
2024-09-24 18:39:45,166 - INFO - patching driver executable C:\Users\lukas\appdata\roaming\undetected_chromedriver\undetected_chromedriver.exe
2024-09-24 18:39:52,303 - INFO - patching driver executable C:\Users\lukas\appdata\roaming\undetected_chromedriver\undetected_chromedriver.exe
2024-09-24 18:39:53,712 - INFO - Scanning complete
2024-09-24 18:39:53,808 - WARNING - No form factor information available.
2024-09-24 18:39:53,810 - WARNING - No form factor information available.
2024-09-24 18:39:54,290 - INFO - Attempting to match 'N-Series N100' (original: 'Intel N-Series N100') - Best match: 'Intel N100' with score: 90%
2024-09-24 18:39:54,291 - INFO - Fuzzy matched 'Intel N-Series N100' to 'Intel N100' with score 90%
2024-09-24 18:39:54,291 - WARNING - No form factor information available.
2024-09-24 18:39:55,404 - INFO - Attempting to match 'MediaTek Kompanio 520' (original: 'MediaTek Kompanio 520') - Best match: 'MediaTek Kompanio 520/528 (MT8186/MT8186T)' with score: 90%
2024-09-24 18:39:55,404 - INFO - Fuzzy matched 'MediaTek Kompanio 520' to 'MediaTek Kompanio 520/528 (MT8186/MT8186T)' with score 90%
2024-09-24 18:39:55,780 - INFO - Attempting to match 'ARM Mali-G52 2EE MC2' (original: 'ARM Mali-G52 2EE MC2') - Best match: 'Intel Arc' with score: 60%
2024-09-24 18:39:55,781 - INFO - No suitable match for 'ARM Mali-G52 2EE MC2' (best score was 60%)
2024-09-24 18:39:55,781 - WARNING - No suitable match found for GPU: ARM Mali-G52 2EE MC2
2024-09-24 18:39:55,781 - WARNING - No form factor information available.
2024-09-24 18:39:55,782 - WARNING - No form factor information available.
2024-09-24 18:39:55,784 - WARNING - No form factor information available.
2024-09-24 18:39:55,784 - WARNING - No form factor information available.
2024-09-24 18:39:55,786 - WARNING - No form factor information available.
2024-09-24 18:39:55,788 - WARNING - No form factor information available.
2024-09-24 18:39:55,789 - WARNING - No form factor information available.
2024-09-24 18:39:55,790 - WARNING - No form factor information available.
2024-09-24 18:39:55,791 - WARNING - No form factor information available.
2024-09-24 18:39:56,107 - INFO - Attempting to match 'RTX A500' (original: 'NVIDIA RTX A500') - Best match: 'RTX A4500' with score: 94%
2024-09-24 18:39:56,108 - INFO - Fuzzy matched 'NVIDIA RTX A500' to 'RTX A4500' with score 94%
2024-09-24 18:39:56,108 - WARNING - No form factor information available.
2024-09-24 18:39:56,110 - WARNING - No form factor information available.
2024-09-24 18:39:56,111 - WARNING - No form factor information available.
2024-09-24 18:40:07,420 - INFO - patching driver executable C:\Users\lukas\appdata\roaming\undetected_chromedriver\undetected_chromedriver.exe
2024-09-24 18:40:15,848 - INFO - patching driver executable C:\Users\lukas\appdata\roaming\undetected_chromedriver\undetected_chromedriver.exe
2024-09-24 18:40:23,483 - INFO - First attempt failed for product 82UY0000US, refreshing page...
2024-09-24 18:41:13,232 - INFO - Scanning complete
2024-09-24 18:41:13,771 - INFO - Attempting to match 'N-Series N100' (original: 'Intel N-Series N100') - Best match: 'Intel N100' with score: 90%
2024-09-24 18:41:13,772 - INFO - Fuzzy matched 'Intel N-Series N100' to 'Intel N100' with score 90%
2024-09-24 18:41:14,866 - INFO - Attempting to match 'MediaTek Kompanio 520' (original: 'MediaTek Kompanio 520') - Best match: 'MediaTek Kompanio 520/528 (MT8186/MT8186T)' with score: 90%
2024-09-24 18:41:14,867 - INFO - Fuzzy matched 'MediaTek Kompanio 520' to 'MediaTek Kompanio 520/528 (MT8186/MT8186T)' with score 90%
2024-09-24 18:41:15,243 - INFO - Attempting to match 'ARM Mali-G52 2EE MC2' (original: 'ARM Mali-G52 2EE MC2') - Best match: 'Intel Arc' with score: 60%
2024-09-24 18:41:15,244 - INFO - No suitable match for 'ARM Mali-G52 2EE MC2' (best score was 60%)
2024-09-24 18:41:15,244 - WARNING - No suitable match found for GPU: ARM Mali-G52 2EE MC2
2024-09-24 18:41:15,563 - INFO - Attempting to match 'RTX A500' (original: 'NVIDIA RTX A500') - Best match: 'RTX A4500' with score: 94%
2024-09-24 18:41:15,563 - INFO - Fuzzy matched 'NVIDIA RTX A500' to 'RTX A4500' with score 94%
2024-09-24 18:51:37,379 - INFO - patching driver executable C:\Users\lukas\appdata\roaming\undetected_chromedriver\undetected_chromedriver.exe
2024-09-24 18:51:46,064 - INFO - patching driver executable C:\Users\lukas\appdata\roaming\undetected_chromedriver\undetected_chromedriver.exe
2024-09-24 18:51:47,448 - INFO - Scanning complete
2024-09-24 18:51:47,676 - INFO - patching driver executable C:\Users\lukas\appdata\roaming\undetected_chromedriver\undetected_chromedriver.exe
2024-09-24 18:51:53,500 - INFO - patching driver executable C:\Users\lukas\appdata\roaming\undetected_chromedriver\undetected_chromedriver.exe
2024-09-24 18:52:01,240 - INFO - First attempt failed for product 11T300C0US, refreshing page...
2024-09-24 18:52:54,296 - INFO - Scanning complete
2024-09-24 18:52:54,821 - INFO - Attempting to match 'N-Series N100' (original: 'Intel N-Series N100') - Best match: 'Intel N100' with score: 90%
2024-09-24 18:52:54,821 - INFO - Fuzzy matched 'Intel N-Series N100' to 'Intel N100' with score 90%
2024-09-24 18:52:55,892 - INFO - Attempting to match 'MediaTek Kompanio 520' (original: 'MediaTek Kompanio 520') - Best match: 'MediaTek Kompanio 520/528 (MT8186/MT8186T)' with score: 90%
2024-09-24 18:52:55,892 - INFO - Fuzzy matched 'MediaTek Kompanio 520' to 'MediaTek Kompanio 520/528 (MT8186/MT8186T)' with score 90%
2024-09-24 18:52:56,268 - INFO - Attempting to match 'ARM Mali-G52 2EE MC2' (original: 'ARM Mali-G52 2EE MC2') - Best match: 'Intel Arc' with score: 60%
2024-09-24 18:52:56,269 - INFO - No suitable match for 'ARM Mali-G52 2EE MC2' (best score was 60%)
2024-09-24 18:52:56,269 - WARNING - No suitable match found for GPU: ARM Mali-G52 2EE MC2
2024-09-24 18:52:56,568 - INFO - Attempting to match 'RTX A500' (original: 'NVIDIA RTX A500') - Best match: 'RTX A4500' with score: 94%
2024-09-24 18:52:56,569 - INFO - Fuzzy matched 'NVIDIA RTX A500' to 'RTX A4500' with score 94%
2024-09-24 19:02:13,939 - INFO - patching driver executable C:\Users\lukas\appdata\roaming\undetected_chromedriver\undetected_chromedriver.exe
2024-09-24 19:02:21,950 - INFO - patching driver executable C:\Users\lukas\appdata\roaming\undetected_chromedriver\undetected_chromedriver.exe
2024-09-24 19:02:23,395 - INFO - Scanning complete
2024-09-24 19:02:23,649 - INFO - patching driver executable C:\Users\lukas\appdata\roaming\undetected_chromedriver\undetected_chromedriver.exe
2024-09-24 19:02:29,339 - INFO - patching driver executable C:\Users\lukas\appdata\roaming\undetected_chromedriver\undetected_chromedriver.exe
2024-09-24 19:02:30,761 - INFO - Scanning complete
2024-09-24 19:02:31,318 - INFO - Attempting to match 'N-Series N100' (original: 'Intel N-Series N100') - Best match: 'Intel N100' with score: 90%
2024-09-24 19:02:31,318 - INFO - Fuzzy matched 'Intel N-Series N100' to 'Intel N100' with score 90%
2024-09-24 19:02:32,406 - INFO - Attempting to match 'MediaTek Kompanio 520' (original: 'MediaTek Kompanio 520') - Best match: 'MediaTek Kompanio 520/528 (MT8186/MT8186T)' with score: 90%
2024-09-24 19:02:32,406 - INFO - Fuzzy matched 'MediaTek Kompanio 520' to 'MediaTek Kompanio 520/528 (MT8186/MT8186T)' with score 90%
2024-09-24 19:02:32,789 - INFO - Attempting to match 'ARM Mali-G52 2EE MC2' (original: 'ARM Mali-G52 2EE MC2') - Best match: 'Intel Arc' with score: 60%
2024-09-24 19:02:32,790 - INFO - No suitable match for 'ARM Mali-G52 2EE MC2' (best score was 60%)
2024-09-24 19:02:32,790 - WARNING - No suitable match found for GPU: ARM Mali-G52 2EE MC2
2024-09-24 19:02:33,092 - INFO - Attempting to match 'RTX A500' (original: 'NVIDIA RTX A500') - Best match: 'RTX A4500' with score: 94%
2024-09-24 19:02:33,093 - INFO - Fuzzy matched 'NVIDIA RTX A500' to 'RTX A4500' with score 94%
2024-09-25 18:51:22,342 - INFO - patching driver executable C:\Users\lukas\appdata\roaming\undetected_chromedriver\undetected_chromedriver.exe
2024-09-25 18:51:36,004 - INFO - patching driver executable C:\Users\lukas\appdata\roaming\undetected_chromedriver\undetected_chromedriver.exe
2024-09-25 18:52:53,741 - INFO - patching driver executable C:\Users\lukas\appdata\roaming\undetected_chromedriver\undetected_chromedriver.exe
2024-09-25 18:54:07,784 - INFO - patching driver executable C:\Users\lukas\appdata\roaming\undetected_chromedriver\undetected_chromedriver.exe
2024-09-25 18:55:01,843 - INFO - patching driver executable C:\Users\lukas\appdata\roaming\undetected_chromedriver\undetected_chromedriver.exe
2024-09-25 18:55:42,317 - INFO - patching driver executable C:\Users\lukas\appdata\roaming\undetected_chromedriver\undetected_chromedriver.exe
2024-09-25 18:56:32,592 - INFO - patching driver executable C:\Users\lukas\appdata\roaming\undetected_chromedriver\undetected_chromedriver.exe
2024-09-25 18:58:04,237 - INFO - patching driver executable C:\Users\lukas\appdata\roaming\undetected_chromedriver\undetected_chromedriver.exe
2024-09-25 19:00:30,353 - INFO - patching driver executable C:\Users\lukas\appdata\roaming\undetected_chromedriver\undetected_chromedriver.exe
2024-09-25 19:08:17,508 - INFO - patching driver executable C:\Users\lukas\appdata\roaming\undetected_chromedriver\undetected_chromedriver.exe
2024-09-25 19:09:32,400 - INFO - patching driver executable C:\Users\lukas\appdata\roaming\undetected_chromedriver\undetected_chromedriver.exe
2024-09-25 19:10:50,425 - INFO - patching driver executable C:\Users\lukas\appdata\roaming\undetected_chromedriver\undetected_chromedriver.exe
2024-09-25 19:12:04,252 - INFO - patching driver executable C:\Users\lukas\appdata\roaming\undetected_chromedriver\undetected_chromedriver.exe
2024-09-25 19:13:19,232 - INFO - patching driver executable C:\Users\lukas\appdata\roaming\undetected_chromedriver\undetected_chromedriver.exe
2024-09-25 19:16:30,587 - INFO - patching driver executable C:\Users\lukas\appdata\roaming\undetected_chromedriver\undetected_chromedriver.exe
2024-09-25 19:18:39,872 - INFO - patching driver executable C:\Users\lukas\appdata\roaming\undetected_chromedriver\undetected_chromedriver.exe
2024-09-25 19:19:34,970 - INFO - patching driver executable C:\Users\lukas\appdata\roaming\undetected_chromedriver\undetected_chromedriver.exe
2024-09-25 19:19:48,530 - INFO - patching driver executable C:\Users\lukas\appdata\roaming\undetected_chromedriver\undetected_chromedriver.exe
2024-09-25 19:20:02,378 - INFO - patching driver executable C:\Users\lukas\appdata\roaming\undetected_chromedriver\undetected_chromedriver.exe
2024-09-25 19:21:31,100 - INFO - patching driver executable C:\Users\lukas\appdata\roaming\undetected_chromedriver\undetected_chromedriver.exe
2024-09-25 19:24:10,480 - INFO - patching driver executable C:\Users\lukas\appdata\roaming\undetected_chromedriver\undetected_chromedriver.exe
2024-09-25 19:27:51,092 - INFO - patching driver executable C:\Users\lukas\appdata\roaming\undetected_chromedriver\undetected_chromedriver.exe
2024-09-25 19:28:39,390 - INFO - patching driver executable C:\Users\lukas\appdata\roaming\undetected_chromedriver\undetected_chromedriver.exe
2024-09-25 19:29:01,183 - INFO - patching driver executable C:\Users\lukas\appdata\roaming\undetected_chromedriver\undetected_chromedriver.exe
2024-09-25 19:29:38,975 - INFO - patching driver executable C:\Users\lukas\appdata\roaming\undetected_chromedriver\undetected_chromedriver.exe
2024-09-25 19:31:04,180 - INFO - patching driver executable C:\Users\lukas\appdata\roaming\undetected_chromedriver\undetected_chromedriver.exe
2024-09-25 19:32:13,115 - INFO - patching driver executable C:\Users\lukas\appdata\roaming\undetected_chromedriver\undetected_chromedriver.exe
2024-09-25 19:32:46,595 - INFO - patching driver executable C:\Users\lukas\appdata\roaming\undetected_chromedriver\undetected_chromedriver.exe
2024-09-25 19:33:41,851 - INFO - patching driver executable C:\Users\lukas\appdata\roaming\undetected_chromedriver\undetected_chromedriver.exe
2024-09-25 19:34:18,775 - INFO - patching driver executable C:\Users\lukas\appdata\roaming\undetected_chromedriver\undetected_chromedriver.exe
2024-09-25 19:37:42,098 - INFO - patching driver executable C:\Users\lukas\appdata\roaming\undetected_chromedriver\undetected_chromedriver.exe
2024-09-25 19:38:18,325 - INFO - patching driver executable C:\Users\lukas\appdata\roaming\undetected_chromedriver\undetected_chromedriver.exe
2024-09-25 19:47:42,889 - INFO - patching driver executable C:\Users\lukas\appdata\roaming\undetected_chromedriver\undetected_chromedriver.exe
2024-09-25 20:30:57,266 - INFO - patching driver executable C:\Users\lukas\appdata\roaming\undetected_chromedriver\undetected_chromedriver.exe
2024-09-25 20:31:45,988 - INFO - patching driver executable C:\Users\lukas\appdata\roaming\undetected_chromedriver\undetected_chromedriver.exe
2024-09-25 20:32:20,467 - INFO - patching driver executable C:\Users\lukas\appdata\roaming\undetected_chromedriver\undetected_chromedriver.exe
2024-09-25 20:36:45,043 - INFO - patching driver executable C:\Users\lukas\appdata\roaming\undetected_chromedriver\undetected_chromedriver.exe
2024-09-25 20:39:43,915 - INFO - patching driver executable C:\Users\lukas\appdata\roaming\undetected_chromedriver\undetected_chromedriver.exe
2024-09-25 20:40:06,520 - INFO - patching driver executable C:\Users\lukas\appdata\roaming\undetected_chromedriver\undetected_chromedriver.exe
2024-09-25 21:26:29,858 - INFO - patching driver executable C:\Users\lukas\appdata\roaming\undetected_chromedriver\undetected_chromedriver.exe
2024-09-25 21:28:01,699 - INFO - patching driver executable C:\Users\lukas\appdata\roaming\undetected_chromedriver\undetected_chromedriver.exe
2024-09-25 21:29:24,826 - INFO - patching driver executable C:\Users\lukas\appdata\roaming\undetected_chromedriver\undetected_chromedriver.exe
2024-09-25 21:30:45,867 - INFO - patching driver executable C:\Users\lukas\appdata\roaming\undetected_chromedriver\undetected_chromedriver.exe
2024-09-25 21:31:37,169 - INFO - patching driver executable C:\Users\lukas\appdata\roaming\undetected_chromedriver\undetected_chromedriver.exe
2024-09-25 21:32:05,516 - INFO - patching driver executable C:\Users\lukas\appdata\roaming\undetected_chromedriver\undetected_chromedriver.exe
2024-09-25 22:04:16,298 - INFO - patching driver executable /Users/lukasfaulkner/Library/Application Support/undetected_chromedriver/undetected_chromedriver
2024-09-25 22:05:13,852 - INFO - patching driver executable /Users/lukasfaulkner/Library/Application Support/undetected_chromedriver/undetected_chromedriver
2024-09-25 22:05:44,096 - INFO - patching driver executable /Users/lukasfaulkner/Library/Application Support/undetected_chromedriver/undetected_chromedriver
2024-09-25 22:06:43,696 - INFO - patching driver executable /Users/lukasfaulkner/Library/Application Support/undetected_chromedriver/undetected_chromedriver
2024-09-25 22:07:28,180 - INFO - patching driver executable /Users/lukasfaulkner/Library/Application Support/undetected_chromedriver/undetected_chromedriver
2024-09-25 22:08:13,879 - INFO - patching driver executable /Users/lukasfaulkner/Library/Application Support/undetected_chromedriver/undetected_chromedriver
2024-09-25 22:10:32,225 - INFO - patching driver executable /Users/lukasfaulkner/Library/Application Support/undetected_chromedriver/undetected_chromedriver
2024-09-25 22:11:25,042 - INFO - patching driver executable /Users/lukasfaulkner/Library/Application Support/undetected_chromedriver/undetected_chromedriver
2024-09-25 22:14:05,686 - INFO - patching driver executable /Users/lukasfaulkner/Library/Application Support/undetected_chromedriver/undetected_chromedriver
2024-09-25 23:05:50,004 - INFO - patching driver executable /Users/lukasfaulkner/Library/Application Support/undetected_chromedriver/undetected_chromedriver
2024-09-25 23:13:44,127 - INFO - patching driver executable /Users/lukasfaulkner/Library/Application Support/undetected_chromedriver/undetected_chromedriver
2024-09-25 23:16:43,429 - INFO - patching driver executable /Users/lukasfaulkner/Library/Application Support/undetected_chromedriver/undetected_chromedriver
2024-09-25 23:20:48,885 - INFO - patching driver executable /Users/lukasfaulkner/Library/Application Support/undetected_chromedriver/undetected_chromedriver
2024-09-25 23:21:57,876 - INFO - patching driver executable /Users/lukasfaulkner/Library/Application Support/undetected_chromedriver/undetected_chromedriver
2024-09-25 23:36:33,777 - INFO - patching driver executable /Users/lukasfaulkner/Library/Application Support/undetected_chromedriver/undetected_chromedriver
2024-09-25 23:38:42,966 - INFO - patching driver executable /Users/lukasfaulkner/Library/Application Support/undetected_chromedriver/undetected_chromedriver
2024-09-25 23:39:32,819 - INFO - patching driver executable /Users/lukasfaulkner/Library/Application Support/undetected_chromedriver/undetected_chromedriver
2024-09-25 23:40:52,468 - INFO - patching driver executable /Users/lukasfaulkner/Library/Application Support/undetected_chromedriver/undetected_chromedriver
2024-09-25 23:41:19,999 - INFO - patching driver executable /Users/lukasfaulkner/Library/Application Support/undetected_chromedriver/undetected_chromedriver
2024-09-25 23:42:55,124 - INFO - patching driver executable /Users/lukasfaulkner/Library/Application Support/undetected_chromedriver/undetected_chromedriver
2024-09-25 23:43:59,704 - INFO - patching driver executable /Users/lukasfaulkner/Library/Application Support/undetected_chromedriver/undetected_chromedriver
2024-09-25 23:45:04,815 - INFO - patching driver executable /Users/lukasfaulkner/Library/Application Support/undetected_chromedriver/undetected_chromedriver
2024-09-25 23:47:19,376 - INFO - patching driver executable /Users/lukasfaulkner/Library/Application Support/undetected_chromedriver/undetected_chromedriver
2024-09-25 23:50:31,563 - INFO - patching driver executable /Users/lukasfaulkner/Library/Application Support/undetected_chromedriver/undetected_chromedriver
2024-09-25 23:52:40,612 - INFO - patching driver executable /Users/lukasfaulkner/Library/Application Support/undetected_chromedriver/undetected_chromedriver
2024-09-25 23:53:37,350 - INFO - patching driver executable /Users/lukasfaulkner/Library/Application Support/undetected_chromedriver/undetected_chromedriver
2024-09-25 23:54:19,528 - INFO - patching driver executable /Users/lukasfaulkner/Library/Application Support/undetected_chromedriver/undetected_chromedriver
2024-09-25 23:55:13,120 - INFO - patching driver executable /Users/lukasfaulkner/Library/Application Support/undetected_chromedriver/undetected_chromedriver
2024-09-26 00:03:53,897 - INFO - patching driver executable /Users/lukasfaulkner/Library/Application Support/undetected_chromedriver/undetected_chromedriver
2024-09-26 00:37:03,803 - INFO - patching driver executable /Users/lukasfaulkner/Library/Application Support/undetected_chromedriver/undetected_chromedriver
2024-09-26 00:38:12,480 - INFO - patching driver executable /Users/lukasfaulkner/Library/Application Support/undetected_chromedriver/undetected_chromedriver
2024-09-26 00:41:13,552 - INFO - patching driver executable /Users/lukasfaulkner/Library/Application Support/undetected_chromedriver/undetected_chromedriver
2024-09-26 00:43:51,767 - INFO - patching driver executable /Users/lukasfaulkner/Library/Application Support/undetected_chromedriver/undetected_chromedriver
2024-09-26 00:44:35,058 - INFO - patching driver executable /Users/lukasfaulkner/Library/Application Support/undetected_chromedriver/undetected_chromedriver
2024-09-26 00:44:57,686 - INFO - patching driver executable /Users/lukasfaulkner/Library/Application Support/undetected_chromedriver/undetected_chromedriver
2024-09-26 00:45:19,721 - INFO - patching driver executable /Users/lukasfaulkner/Library/Application Support/undetected_chromedriver/undetected_chromedriver
2024-09-26 00:45:32,011 - INFO - patching driver executable /Users/lukasfaulkner/Library/Application Support/undetected_chromedriver/undetected_chromedriver
2024-09-26 00:46:26,122 - INFO - patching driver executable /Users/lukasfaulkner/Library/Application Support/undetected_chromedriver/undetected_chromedriver
2024-09-26 00:46:38,627 - INFO - patching driver executable /Users/lukasfaulkner/Library/Application Support/undetected_chromedriver/undetected_chromedriver
2024-09-26 00:47:58,964 - INFO - patching driver executable /Users/lukasfaulkner/Library/Application Support/undetected_chromedriver/undetected_chromedriver
2024-09-26 00:48:57,066 - INFO - patching driver executable /Users/lukasfaulkner/Library/Application Support/undetected_chromedriver/undetected_chromedriver
2024-09-26 00:50:36,275 - INFO - patching driver executable /Users/lukasfaulkner/Library/Application Support/undetected_chromedriver/undetected_chromedriver
2024-09-26 00:50:46,914 - INFO - First attempt failed for product 12LN000BUS, refreshing page...
2024-09-26 00:53:44,529 - INFO - patching driver executable /Users/lukasfaulkner/Library/Application Support/undetected_chromedriver/undetected_chromedriver
2024-09-26 00:54:27,506 - INFO - patching driver executable /Users/lukasfaulkner/Library/Application Support/undetected_chromedriver/undetected_chromedriver
2024-09-26 00:55:29,436 - INFO - patching driver executable /Users/lukasfaulkner/Library/Application Support/undetected_chromedriver/undetected_chromedriver
2024-09-26 00:56:18,837 - INFO - patching driver executable /Users/lukasfaulkner/Library/Application Support/undetected_chromedriver/undetected_chromedriver
2024-09-26 00:57:23,708 - INFO - patching driver executable /Users/lukasfaulkner/Library/Application Support/undetected_chromedriver/undetected_chromedriver
2024-09-26 00:59:49,492 - INFO - patching driver executable /Users/lukasfaulkner/Library/Application Support/undetected_chromedriver/undetected_chromedriver
2024-09-26 01:00:48,458 - INFO - patching driver executable /Users/lukasfaulkner/Library/Application Support/undetected_chromedriver/undetected_chromedriver
2024-09-26 01:01:16,725 - ERROR - Error extracting product specs: Traceback (most recent call last):
  File "/Users/lukasfaulkner/GitHub Projects/PFV-App/direct_dial_scraper.py", line 181, in extract_product_specs
    container = driver.find_element(By.ID, 'tab-specification')
                ^^^^^^^^^^^^^^^^^^^^^^^^^^^^^^^^^^^^^^^^^^^^^^^
  File "/Users/lukasfaulkner/GitHub Projects/PFV-App/.venv/lib/python3.12/site-packages/selenium/webdriver/remote/webdriver.py", line 748, in find_element
    return self.execute(Command.FIND_ELEMENT, {"using": by, "value": value})["value"]
           ^^^^^^^^^^^^^^^^^^^^^^^^^^^^^^^^^^^^^^^^^^^^^^^^^^^^^^^^^^^^^^^^^
  File "/Users/lukasfaulkner/GitHub Projects/PFV-App/.venv/lib/python3.12/site-packages/selenium/webdriver/remote/webdriver.py", line 354, in execute
    self.error_handler.check_response(response)
  File "/Users/lukasfaulkner/GitHub Projects/PFV-App/.venv/lib/python3.12/site-packages/selenium/webdriver/remote/errorhandler.py", line 229, in check_response
    raise exception_class(message, screen, stacktrace)
selenium.common.exceptions.NoSuchElementException: Message: no such element: Unable to locate element: {"method":"css selector","selector":"[id="tab-specification"]"}
  (Session info: chrome=129.0.6668.70); For documentation on this error, please visit: https://www.selenium.dev/documentation/webdriver/troubleshooting/errors#no-such-element-exception
Stacktrace:
0   undetected_chromedriver             0x0000000100fa8d68 undetected_chromedriver + 4996456
1   undetected_chromedriver             0x0000000100fa062a undetected_chromedriver + 4961834
2   undetected_chromedriver             0x0000000100b43d10 undetected_chromedriver + 388368
3   undetected_chromedriver             0x0000000100b9030f undetected_chromedriver + 701199
4   undetected_chromedriver             0x0000000100b903f1 undetected_chromedriver + 701425
5   undetected_chromedriver             0x0000000100bd5464 undetected_chromedriver + 984164
6   undetected_chromedriver             0x0000000100bb49dd undetected_chromedriver + 850397
7   undetected_chromedriver             0x0000000100bd2a00 undetected_chromedriver + 973312
8   undetected_chromedriver             0x0000000100bb4753 undetected_chromedriver + 849747
9   undetected_chromedriver             0x0000000100b83635 undetected_chromedriver + 648757
10  undetected_chromedriver             0x0000000100b83e5e undetected_chromedriver + 650846
11  undetected_chromedriver             0x0000000100f6f050 undetected_chromedriver + 4759632
12  undetected_chromedriver             0x0000000100f73f68 undetected_chromedriver + 4779880
13  undetected_chromedriver             0x0000000100f74635 undetected_chromedriver + 4781621
14  undetected_chromedriver             0x0000000100f51af9 undetected_chromedriver + 4639481
15  undetected_chromedriver             0x0000000100f74929 undetected_chromedriver + 4782377
16  undetected_chromedriver             0x0000000100f43094 undetected_chromedriver + 4579476
17  undetected_chromedriver             0x0000000100f90a58 undetected_chromedriver + 4897368
18  undetected_chromedriver             0x0000000100f90c53 undetected_chromedriver + 4897875
19  undetected_chromedriver             0x0000000100fa022e undetected_chromedriver + 4960814
20  libsystem_pthread.dylib             0x00007ff81a037253 _pthread_start + 99
21  libsystem_pthread.dylib             0x00007ff81a032bef thread_start + 15


2024-09-26 01:01:18,807 - ERROR - Error extracting product specs: Traceback (most recent call last):
  File "/Users/lukasfaulkner/GitHub Projects/PFV-App/direct_dial_scraper.py", line 181, in extract_product_specs
    container = driver.find_element(By.ID, 'tab-specification')
                ^^^^^^^^^^^^^^^^^^^^^^^^^^^^^^^^^^^^^^^^^^^^^^^
  File "/Users/lukasfaulkner/GitHub Projects/PFV-App/.venv/lib/python3.12/site-packages/selenium/webdriver/remote/webdriver.py", line 748, in find_element
    return self.execute(Command.FIND_ELEMENT, {"using": by, "value": value})["value"]
           ^^^^^^^^^^^^^^^^^^^^^^^^^^^^^^^^^^^^^^^^^^^^^^^^^^^^^^^^^^^^^^^^^
  File "/Users/lukasfaulkner/GitHub Projects/PFV-App/.venv/lib/python3.12/site-packages/selenium/webdriver/remote/webdriver.py", line 354, in execute
    self.error_handler.check_response(response)
  File "/Users/lukasfaulkner/GitHub Projects/PFV-App/.venv/lib/python3.12/site-packages/selenium/webdriver/remote/errorhandler.py", line 229, in check_response
    raise exception_class(message, screen, stacktrace)
selenium.common.exceptions.NoSuchElementException: Message: no such element: Unable to locate element: {"method":"css selector","selector":"[id="tab-specification"]"}
  (Session info: chrome=129.0.6668.70); For documentation on this error, please visit: https://www.selenium.dev/documentation/webdriver/troubleshooting/errors#no-such-element-exception
Stacktrace:
0   undetected_chromedriver             0x0000000100fa8d68 undetected_chromedriver + 4996456
1   undetected_chromedriver             0x0000000100fa062a undetected_chromedriver + 4961834
2   undetected_chromedriver             0x0000000100b43d10 undetected_chromedriver + 388368
3   undetected_chromedriver             0x0000000100b9030f undetected_chromedriver + 701199
4   undetected_chromedriver             0x0000000100b903f1 undetected_chromedriver + 701425
5   undetected_chromedriver             0x0000000100bd5464 undetected_chromedriver + 984164
6   undetected_chromedriver             0x0000000100bb49dd undetected_chromedriver + 850397
7   undetected_chromedriver             0x0000000100bd2a00 undetected_chromedriver + 973312
8   undetected_chromedriver             0x0000000100bb4753 undetected_chromedriver + 849747
9   undetected_chromedriver             0x0000000100b83635 undetected_chromedriver + 648757
10  undetected_chromedriver             0x0000000100b83e5e undetected_chromedriver + 650846
11  undetected_chromedriver             0x0000000100f6f050 undetected_chromedriver + 4759632
12  undetected_chromedriver             0x0000000100f73f68 undetected_chromedriver + 4779880
13  undetected_chromedriver             0x0000000100f74635 undetected_chromedriver + 4781621
14  undetected_chromedriver             0x0000000100f51af9 undetected_chromedriver + 4639481
15  undetected_chromedriver             0x0000000100f74929 undetected_chromedriver + 4782377
16  undetected_chromedriver             0x0000000100f43094 undetected_chromedriver + 4579476
17  undetected_chromedriver             0x0000000100f90a58 undetected_chromedriver + 4897368
18  undetected_chromedriver             0x0000000100f90c53 undetected_chromedriver + 4897875
19  undetected_chromedriver             0x0000000100fa022e undetected_chromedriver + 4960814
20  libsystem_pthread.dylib             0x00007ff81a037253 _pthread_start + 99
21  libsystem_pthread.dylib             0x00007ff81a032bef thread_start + 15


2024-09-26 01:01:20,894 - ERROR - Error extracting product specs: Traceback (most recent call last):
  File "/Users/lukasfaulkner/GitHub Projects/PFV-App/direct_dial_scraper.py", line 181, in extract_product_specs
    container = driver.find_element(By.ID, 'tab-specification')
                ^^^^^^^^^^^^^^^^^^^^^^^^^^^^^^^^^^^^^^^^^^^^^^^
  File "/Users/lukasfaulkner/GitHub Projects/PFV-App/.venv/lib/python3.12/site-packages/selenium/webdriver/remote/webdriver.py", line 748, in find_element
    return self.execute(Command.FIND_ELEMENT, {"using": by, "value": value})["value"]
           ^^^^^^^^^^^^^^^^^^^^^^^^^^^^^^^^^^^^^^^^^^^^^^^^^^^^^^^^^^^^^^^^^
  File "/Users/lukasfaulkner/GitHub Projects/PFV-App/.venv/lib/python3.12/site-packages/selenium/webdriver/remote/webdriver.py", line 354, in execute
    self.error_handler.check_response(response)
  File "/Users/lukasfaulkner/GitHub Projects/PFV-App/.venv/lib/python3.12/site-packages/selenium/webdriver/remote/errorhandler.py", line 229, in check_response
    raise exception_class(message, screen, stacktrace)
selenium.common.exceptions.NoSuchElementException: Message: no such element: Unable to locate element: {"method":"css selector","selector":"[id="tab-specification"]"}
  (Session info: chrome=129.0.6668.70); For documentation on this error, please visit: https://www.selenium.dev/documentation/webdriver/troubleshooting/errors#no-such-element-exception
Stacktrace:
0   undetected_chromedriver             0x0000000100fa8d68 undetected_chromedriver + 4996456
1   undetected_chromedriver             0x0000000100fa062a undetected_chromedriver + 4961834
2   undetected_chromedriver             0x0000000100b43d10 undetected_chromedriver + 388368
3   undetected_chromedriver             0x0000000100b9030f undetected_chromedriver + 701199
4   undetected_chromedriver             0x0000000100b903f1 undetected_chromedriver + 701425
5   undetected_chromedriver             0x0000000100bd5464 undetected_chromedriver + 984164
6   undetected_chromedriver             0x0000000100bb49dd undetected_chromedriver + 850397
7   undetected_chromedriver             0x0000000100bd2a00 undetected_chromedriver + 973312
8   undetected_chromedriver             0x0000000100bb4753 undetected_chromedriver + 849747
9   undetected_chromedriver             0x0000000100b83635 undetected_chromedriver + 648757
10  undetected_chromedriver             0x0000000100b83e5e undetected_chromedriver + 650846
11  undetected_chromedriver             0x0000000100f6f050 undetected_chromedriver + 4759632
12  undetected_chromedriver             0x0000000100f73f68 undetected_chromedriver + 4779880
13  undetected_chromedriver             0x0000000100f74635 undetected_chromedriver + 4781621
14  undetected_chromedriver             0x0000000100f51af9 undetected_chromedriver + 4639481
15  undetected_chromedriver             0x0000000100f74929 undetected_chromedriver + 4782377
16  undetected_chromedriver             0x0000000100f43094 undetected_chromedriver + 4579476
17  undetected_chromedriver             0x0000000100f90a58 undetected_chromedriver + 4897368
18  undetected_chromedriver             0x0000000100f90c53 undetected_chromedriver + 4897875
19  undetected_chromedriver             0x0000000100fa022e undetected_chromedriver + 4960814
20  libsystem_pthread.dylib             0x00007ff81a037253 _pthread_start + 99
21  libsystem_pthread.dylib             0x00007ff81a032bef thread_start + 15


2024-09-26 01:01:22,992 - ERROR - Error extracting product specs: Traceback (most recent call last):
  File "/Users/lukasfaulkner/GitHub Projects/PFV-App/direct_dial_scraper.py", line 181, in extract_product_specs
    container = driver.find_element(By.ID, 'tab-specification')
                ^^^^^^^^^^^^^^^^^^^^^^^^^^^^^^^^^^^^^^^^^^^^^^^
  File "/Users/lukasfaulkner/GitHub Projects/PFV-App/.venv/lib/python3.12/site-packages/selenium/webdriver/remote/webdriver.py", line 748, in find_element
    return self.execute(Command.FIND_ELEMENT, {"using": by, "value": value})["value"]
           ^^^^^^^^^^^^^^^^^^^^^^^^^^^^^^^^^^^^^^^^^^^^^^^^^^^^^^^^^^^^^^^^^
  File "/Users/lukasfaulkner/GitHub Projects/PFV-App/.venv/lib/python3.12/site-packages/selenium/webdriver/remote/webdriver.py", line 354, in execute
    self.error_handler.check_response(response)
  File "/Users/lukasfaulkner/GitHub Projects/PFV-App/.venv/lib/python3.12/site-packages/selenium/webdriver/remote/errorhandler.py", line 229, in check_response
    raise exception_class(message, screen, stacktrace)
selenium.common.exceptions.NoSuchElementException: Message: no such element: Unable to locate element: {"method":"css selector","selector":"[id="tab-specification"]"}
  (Session info: chrome=129.0.6668.70); For documentation on this error, please visit: https://www.selenium.dev/documentation/webdriver/troubleshooting/errors#no-such-element-exception
Stacktrace:
0   undetected_chromedriver             0x0000000100fa8d68 undetected_chromedriver + 4996456
1   undetected_chromedriver             0x0000000100fa062a undetected_chromedriver + 4961834
2   undetected_chromedriver             0x0000000100b43d10 undetected_chromedriver + 388368
3   undetected_chromedriver             0x0000000100b9030f undetected_chromedriver + 701199
4   undetected_chromedriver             0x0000000100b903f1 undetected_chromedriver + 701425
5   undetected_chromedriver             0x0000000100bd5464 undetected_chromedriver + 984164
6   undetected_chromedriver             0x0000000100bb49dd undetected_chromedriver + 850397
7   undetected_chromedriver             0x0000000100bd2a00 undetected_chromedriver + 973312
8   undetected_chromedriver             0x0000000100bb4753 undetected_chromedriver + 849747
9   undetected_chromedriver             0x0000000100b83635 undetected_chromedriver + 648757
10  undetected_chromedriver             0x0000000100b83e5e undetected_chromedriver + 650846
11  undetected_chromedriver             0x0000000100f6f050 undetected_chromedriver + 4759632
12  undetected_chromedriver             0x0000000100f73f68 undetected_chromedriver + 4779880
13  undetected_chromedriver             0x0000000100f74635 undetected_chromedriver + 4781621
14  undetected_chromedriver             0x0000000100f51af9 undetected_chromedriver + 4639481
15  undetected_chromedriver             0x0000000100f74929 undetected_chromedriver + 4782377
16  undetected_chromedriver             0x0000000100f43094 undetected_chromedriver + 4579476
17  undetected_chromedriver             0x0000000100f90a58 undetected_chromedriver + 4897368
18  undetected_chromedriver             0x0000000100f90c53 undetected_chromedriver + 4897875
19  undetected_chromedriver             0x0000000100fa022e undetected_chromedriver + 4960814
20  libsystem_pthread.dylib             0x00007ff81a037253 _pthread_start + 99
21  libsystem_pthread.dylib             0x00007ff81a032bef thread_start + 15


2024-09-26 01:01:25,100 - ERROR - Error extracting product specs: Traceback (most recent call last):
  File "/Users/lukasfaulkner/GitHub Projects/PFV-App/direct_dial_scraper.py", line 181, in extract_product_specs
    container = driver.find_element(By.ID, 'tab-specification')
                ^^^^^^^^^^^^^^^^^^^^^^^^^^^^^^^^^^^^^^^^^^^^^^^
  File "/Users/lukasfaulkner/GitHub Projects/PFV-App/.venv/lib/python3.12/site-packages/selenium/webdriver/remote/webdriver.py", line 748, in find_element
    return self.execute(Command.FIND_ELEMENT, {"using": by, "value": value})["value"]
           ^^^^^^^^^^^^^^^^^^^^^^^^^^^^^^^^^^^^^^^^^^^^^^^^^^^^^^^^^^^^^^^^^
  File "/Users/lukasfaulkner/GitHub Projects/PFV-App/.venv/lib/python3.12/site-packages/selenium/webdriver/remote/webdriver.py", line 354, in execute
    self.error_handler.check_response(response)
  File "/Users/lukasfaulkner/GitHub Projects/PFV-App/.venv/lib/python3.12/site-packages/selenium/webdriver/remote/errorhandler.py", line 229, in check_response
    raise exception_class(message, screen, stacktrace)
selenium.common.exceptions.NoSuchElementException: Message: no such element: Unable to locate element: {"method":"css selector","selector":"[id="tab-specification"]"}
  (Session info: chrome=129.0.6668.70); For documentation on this error, please visit: https://www.selenium.dev/documentation/webdriver/troubleshooting/errors#no-such-element-exception
Stacktrace:
0   undetected_chromedriver             0x0000000100fa8d68 undetected_chromedriver + 4996456
1   undetected_chromedriver             0x0000000100fa062a undetected_chromedriver + 4961834
2   undetected_chromedriver             0x0000000100b43d10 undetected_chromedriver + 388368
3   undetected_chromedriver             0x0000000100b9030f undetected_chromedriver + 701199
4   undetected_chromedriver             0x0000000100b903f1 undetected_chromedriver + 701425
5   undetected_chromedriver             0x0000000100bd5464 undetected_chromedriver + 984164
6   undetected_chromedriver             0x0000000100bb49dd undetected_chromedriver + 850397
7   undetected_chromedriver             0x0000000100bd2a00 undetected_chromedriver + 973312
8   undetected_chromedriver             0x0000000100bb4753 undetected_chromedriver + 849747
9   undetected_chromedriver             0x0000000100b83635 undetected_chromedriver + 648757
10  undetected_chromedriver             0x0000000100b83e5e undetected_chromedriver + 650846
11  undetected_chromedriver             0x0000000100f6f050 undetected_chromedriver + 4759632
12  undetected_chromedriver             0x0000000100f73f68 undetected_chromedriver + 4779880
13  undetected_chromedriver             0x0000000100f74635 undetected_chromedriver + 4781621
14  undetected_chromedriver             0x0000000100f51af9 undetected_chromedriver + 4639481
15  undetected_chromedriver             0x0000000100f74929 undetected_chromedriver + 4782377
16  undetected_chromedriver             0x0000000100f43094 undetected_chromedriver + 4579476
17  undetected_chromedriver             0x0000000100f90a58 undetected_chromedriver + 4897368
18  undetected_chromedriver             0x0000000100f90c53 undetected_chromedriver + 4897875
19  undetected_chromedriver             0x0000000100fa022e undetected_chromedriver + 4960814
20  libsystem_pthread.dylib             0x00007ff81a037253 _pthread_start + 99
21  libsystem_pthread.dylib             0x00007ff81a032bef thread_start + 15


2024-09-26 01:01:25,425 - INFO - Scanning complete
2024-09-26 01:03:04,499 - INFO - patching driver executable /Users/lukasfaulkner/Library/Application Support/undetected_chromedriver/undetected_chromedriver
2024-09-26 01:03:16,877 - INFO - patching driver executable /Users/lukasfaulkner/Library/Application Support/undetected_chromedriver/undetected_chromedriver
2024-09-26 01:03:48,047 - ERROR - Error extracting product specs: Traceback (most recent call last):
  File "/Users/lukasfaulkner/GitHub Projects/PFV-App/direct_dial_scraper.py", line 181, in extract_product_specs
    container = driver.find_element(By.ID, 'tab-specification')
                ^^^^^^^^^^^^^^^^^^^^^^^^^^^^^^^^^^^^^^^^^^^^^^^
  File "/Users/lukasfaulkner/GitHub Projects/PFV-App/.venv/lib/python3.12/site-packages/selenium/webdriver/remote/webdriver.py", line 748, in find_element
    return self.execute(Command.FIND_ELEMENT, {"using": by, "value": value})["value"]
           ^^^^^^^^^^^^^^^^^^^^^^^^^^^^^^^^^^^^^^^^^^^^^^^^^^^^^^^^^^^^^^^^^
  File "/Users/lukasfaulkner/GitHub Projects/PFV-App/.venv/lib/python3.12/site-packages/selenium/webdriver/remote/webdriver.py", line 354, in execute
    self.error_handler.check_response(response)
  File "/Users/lukasfaulkner/GitHub Projects/PFV-App/.venv/lib/python3.12/site-packages/selenium/webdriver/remote/errorhandler.py", line 229, in check_response
    raise exception_class(message, screen, stacktrace)
selenium.common.exceptions.NoSuchElementException: Message: no such element: Unable to locate element: {"method":"css selector","selector":"[id="tab-specification"]"}
  (Session info: chrome=129.0.6668.70); For documentation on this error, please visit: https://www.selenium.dev/documentation/webdriver/troubleshooting/errors#no-such-element-exception
Stacktrace:
0   undetected_chromedriver             0x00000001050e0d68 undetected_chromedriver + 4996456
1   undetected_chromedriver             0x00000001050d862a undetected_chromedriver + 4961834
2   undetected_chromedriver             0x0000000104c7bd10 undetected_chromedriver + 388368
3   undetected_chromedriver             0x0000000104cc830f undetected_chromedriver + 701199
4   undetected_chromedriver             0x0000000104cc83f1 undetected_chromedriver + 701425
5   undetected_chromedriver             0x0000000104d0d464 undetected_chromedriver + 984164
6   undetected_chromedriver             0x0000000104cec9dd undetected_chromedriver + 850397
7   undetected_chromedriver             0x0000000104d0aa00 undetected_chromedriver + 973312
8   undetected_chromedriver             0x0000000104cec753 undetected_chromedriver + 849747
9   undetected_chromedriver             0x0000000104cbb635 undetected_chromedriver + 648757
10  undetected_chromedriver             0x0000000104cbbe5e undetected_chromedriver + 650846
11  undetected_chromedriver             0x00000001050a7050 undetected_chromedriver + 4759632
12  undetected_chromedriver             0x00000001050abf68 undetected_chromedriver + 4779880
13  undetected_chromedriver             0x00000001050ac635 undetected_chromedriver + 4781621
14  undetected_chromedriver             0x0000000105089af9 undetected_chromedriver + 4639481
15  undetected_chromedriver             0x00000001050ac929 undetected_chromedriver + 4782377
16  undetected_chromedriver             0x000000010507b094 undetected_chromedriver + 4579476
17  undetected_chromedriver             0x00000001050c8a58 undetected_chromedriver + 4897368
18  undetected_chromedriver             0x00000001050c8c53 undetected_chromedriver + 4897875
19  undetected_chromedriver             0x00000001050d822e undetected_chromedriver + 4960814
20  libsystem_pthread.dylib             0x00007ff81a037253 _pthread_start + 99
21  libsystem_pthread.dylib             0x00007ff81a032bef thread_start + 15


2024-09-26 01:03:50,134 - ERROR - Error extracting product specs: Traceback (most recent call last):
  File "/Users/lukasfaulkner/GitHub Projects/PFV-App/direct_dial_scraper.py", line 181, in extract_product_specs
    container = driver.find_element(By.ID, 'tab-specification')
                ^^^^^^^^^^^^^^^^^^^^^^^^^^^^^^^^^^^^^^^^^^^^^^^
  File "/Users/lukasfaulkner/GitHub Projects/PFV-App/.venv/lib/python3.12/site-packages/selenium/webdriver/remote/webdriver.py", line 748, in find_element
    return self.execute(Command.FIND_ELEMENT, {"using": by, "value": value})["value"]
           ^^^^^^^^^^^^^^^^^^^^^^^^^^^^^^^^^^^^^^^^^^^^^^^^^^^^^^^^^^^^^^^^^
  File "/Users/lukasfaulkner/GitHub Projects/PFV-App/.venv/lib/python3.12/site-packages/selenium/webdriver/remote/webdriver.py", line 354, in execute
    self.error_handler.check_response(response)
  File "/Users/lukasfaulkner/GitHub Projects/PFV-App/.venv/lib/python3.12/site-packages/selenium/webdriver/remote/errorhandler.py", line 229, in check_response
    raise exception_class(message, screen, stacktrace)
selenium.common.exceptions.NoSuchElementException: Message: no such element: Unable to locate element: {"method":"css selector","selector":"[id="tab-specification"]"}
  (Session info: chrome=129.0.6668.70); For documentation on this error, please visit: https://www.selenium.dev/documentation/webdriver/troubleshooting/errors#no-such-element-exception
Stacktrace:
0   undetected_chromedriver             0x00000001050e0d68 undetected_chromedriver + 4996456
1   undetected_chromedriver             0x00000001050d862a undetected_chromedriver + 4961834
2   undetected_chromedriver             0x0000000104c7bd10 undetected_chromedriver + 388368
3   undetected_chromedriver             0x0000000104cc830f undetected_chromedriver + 701199
4   undetected_chromedriver             0x0000000104cc83f1 undetected_chromedriver + 701425
5   undetected_chromedriver             0x0000000104d0d464 undetected_chromedriver + 984164
6   undetected_chromedriver             0x0000000104cec9dd undetected_chromedriver + 850397
7   undetected_chromedriver             0x0000000104d0aa00 undetected_chromedriver + 973312
8   undetected_chromedriver             0x0000000104cec753 undetected_chromedriver + 849747
9   undetected_chromedriver             0x0000000104cbb635 undetected_chromedriver + 648757
10  undetected_chromedriver             0x0000000104cbbe5e undetected_chromedriver + 650846
11  undetected_chromedriver             0x00000001050a7050 undetected_chromedriver + 4759632
12  undetected_chromedriver             0x00000001050abf68 undetected_chromedriver + 4779880
13  undetected_chromedriver             0x00000001050ac635 undetected_chromedriver + 4781621
14  undetected_chromedriver             0x0000000105089af9 undetected_chromedriver + 4639481
15  undetected_chromedriver             0x00000001050ac929 undetected_chromedriver + 4782377
16  undetected_chromedriver             0x000000010507b094 undetected_chromedriver + 4579476
17  undetected_chromedriver             0x00000001050c8a58 undetected_chromedriver + 4897368
18  undetected_chromedriver             0x00000001050c8c53 undetected_chromedriver + 4897875
19  undetected_chromedriver             0x00000001050d822e undetected_chromedriver + 4960814
20  libsystem_pthread.dylib             0x00007ff81a037253 _pthread_start + 99
21  libsystem_pthread.dylib             0x00007ff81a032bef thread_start + 15


2024-09-26 01:03:52,214 - ERROR - Error extracting product specs: Traceback (most recent call last):
  File "/Users/lukasfaulkner/GitHub Projects/PFV-App/direct_dial_scraper.py", line 181, in extract_product_specs
    container = driver.find_element(By.ID, 'tab-specification')
                ^^^^^^^^^^^^^^^^^^^^^^^^^^^^^^^^^^^^^^^^^^^^^^^
  File "/Users/lukasfaulkner/GitHub Projects/PFV-App/.venv/lib/python3.12/site-packages/selenium/webdriver/remote/webdriver.py", line 748, in find_element
    return self.execute(Command.FIND_ELEMENT, {"using": by, "value": value})["value"]
           ^^^^^^^^^^^^^^^^^^^^^^^^^^^^^^^^^^^^^^^^^^^^^^^^^^^^^^^^^^^^^^^^^
  File "/Users/lukasfaulkner/GitHub Projects/PFV-App/.venv/lib/python3.12/site-packages/selenium/webdriver/remote/webdriver.py", line 354, in execute
    self.error_handler.check_response(response)
  File "/Users/lukasfaulkner/GitHub Projects/PFV-App/.venv/lib/python3.12/site-packages/selenium/webdriver/remote/errorhandler.py", line 229, in check_response
    raise exception_class(message, screen, stacktrace)
selenium.common.exceptions.NoSuchElementException: Message: no such element: Unable to locate element: {"method":"css selector","selector":"[id="tab-specification"]"}
  (Session info: chrome=129.0.6668.70); For documentation on this error, please visit: https://www.selenium.dev/documentation/webdriver/troubleshooting/errors#no-such-element-exception
Stacktrace:
0   undetected_chromedriver             0x00000001050e0d68 undetected_chromedriver + 4996456
1   undetected_chromedriver             0x00000001050d862a undetected_chromedriver + 4961834
2   undetected_chromedriver             0x0000000104c7bd10 undetected_chromedriver + 388368
3   undetected_chromedriver             0x0000000104cc830f undetected_chromedriver + 701199
4   undetected_chromedriver             0x0000000104cc83f1 undetected_chromedriver + 701425
5   undetected_chromedriver             0x0000000104d0d464 undetected_chromedriver + 984164
6   undetected_chromedriver             0x0000000104cec9dd undetected_chromedriver + 850397
7   undetected_chromedriver             0x0000000104d0aa00 undetected_chromedriver + 973312
8   undetected_chromedriver             0x0000000104cec753 undetected_chromedriver + 849747
9   undetected_chromedriver             0x0000000104cbb635 undetected_chromedriver + 648757
10  undetected_chromedriver             0x0000000104cbbe5e undetected_chromedriver + 650846
11  undetected_chromedriver             0x00000001050a7050 undetected_chromedriver + 4759632
12  undetected_chromedriver             0x00000001050abf68 undetected_chromedriver + 4779880
13  undetected_chromedriver             0x00000001050ac635 undetected_chromedriver + 4781621
14  undetected_chromedriver             0x0000000105089af9 undetected_chromedriver + 4639481
15  undetected_chromedriver             0x00000001050ac929 undetected_chromedriver + 4782377
16  undetected_chromedriver             0x000000010507b094 undetected_chromedriver + 4579476
17  undetected_chromedriver             0x00000001050c8a58 undetected_chromedriver + 4897368
18  undetected_chromedriver             0x00000001050c8c53 undetected_chromedriver + 4897875
19  undetected_chromedriver             0x00000001050d822e undetected_chromedriver + 4960814
20  libsystem_pthread.dylib             0x00007ff81a037253 _pthread_start + 99
21  libsystem_pthread.dylib             0x00007ff81a032bef thread_start + 15


2024-09-26 01:03:54,315 - ERROR - Error extracting product specs: Traceback (most recent call last):
  File "/Users/lukasfaulkner/GitHub Projects/PFV-App/direct_dial_scraper.py", line 181, in extract_product_specs
    container = driver.find_element(By.ID, 'tab-specification')
                ^^^^^^^^^^^^^^^^^^^^^^^^^^^^^^^^^^^^^^^^^^^^^^^
  File "/Users/lukasfaulkner/GitHub Projects/PFV-App/.venv/lib/python3.12/site-packages/selenium/webdriver/remote/webdriver.py", line 748, in find_element
    return self.execute(Command.FIND_ELEMENT, {"using": by, "value": value})["value"]
           ^^^^^^^^^^^^^^^^^^^^^^^^^^^^^^^^^^^^^^^^^^^^^^^^^^^^^^^^^^^^^^^^^
  File "/Users/lukasfaulkner/GitHub Projects/PFV-App/.venv/lib/python3.12/site-packages/selenium/webdriver/remote/webdriver.py", line 354, in execute
    self.error_handler.check_response(response)
  File "/Users/lukasfaulkner/GitHub Projects/PFV-App/.venv/lib/python3.12/site-packages/selenium/webdriver/remote/errorhandler.py", line 229, in check_response
    raise exception_class(message, screen, stacktrace)
selenium.common.exceptions.NoSuchElementException: Message: no such element: Unable to locate element: {"method":"css selector","selector":"[id="tab-specification"]"}
  (Session info: chrome=129.0.6668.70); For documentation on this error, please visit: https://www.selenium.dev/documentation/webdriver/troubleshooting/errors#no-such-element-exception
Stacktrace:
0   undetected_chromedriver             0x00000001050e0d68 undetected_chromedriver + 4996456
1   undetected_chromedriver             0x00000001050d862a undetected_chromedriver + 4961834
2   undetected_chromedriver             0x0000000104c7bd10 undetected_chromedriver + 388368
3   undetected_chromedriver             0x0000000104cc830f undetected_chromedriver + 701199
4   undetected_chromedriver             0x0000000104cc83f1 undetected_chromedriver + 701425
5   undetected_chromedriver             0x0000000104d0d464 undetected_chromedriver + 984164
6   undetected_chromedriver             0x0000000104cec9dd undetected_chromedriver + 850397
7   undetected_chromedriver             0x0000000104d0aa00 undetected_chromedriver + 973312
8   undetected_chromedriver             0x0000000104cec753 undetected_chromedriver + 849747
9   undetected_chromedriver             0x0000000104cbb635 undetected_chromedriver + 648757
10  undetected_chromedriver             0x0000000104cbbe5e undetected_chromedriver + 650846
11  undetected_chromedriver             0x00000001050a7050 undetected_chromedriver + 4759632
12  undetected_chromedriver             0x00000001050abf68 undetected_chromedriver + 4779880
13  undetected_chromedriver             0x00000001050ac635 undetected_chromedriver + 4781621
14  undetected_chromedriver             0x0000000105089af9 undetected_chromedriver + 4639481
15  undetected_chromedriver             0x00000001050ac929 undetected_chromedriver + 4782377
16  undetected_chromedriver             0x000000010507b094 undetected_chromedriver + 4579476
17  undetected_chromedriver             0x00000001050c8a58 undetected_chromedriver + 4897368
18  undetected_chromedriver             0x00000001050c8c53 undetected_chromedriver + 4897875
19  undetected_chromedriver             0x00000001050d822e undetected_chromedriver + 4960814
20  libsystem_pthread.dylib             0x00007ff81a037253 _pthread_start + 99
21  libsystem_pthread.dylib             0x00007ff81a032bef thread_start + 15


2024-09-26 01:03:54,633 - INFO - Scanning complete
2024-09-26 01:04:37,162 - INFO - patching driver executable /Users/lukasfaulkner/Library/Application Support/undetected_chromedriver/undetected_chromedriver
2024-09-26 01:04:50,295 - INFO - patching driver executable /Users/lukasfaulkner/Library/Application Support/undetected_chromedriver/undetected_chromedriver
2024-09-26 01:04:54,105 - INFO - Scanning complete
2024-09-26 01:07:15,385 - INFO - patching driver executable /Users/lukasfaulkner/Library/Application Support/undetected_chromedriver/undetected_chromedriver
2024-09-26 01:07:27,819 - INFO - patching driver executable /Users/lukasfaulkner/Library/Application Support/undetected_chromedriver/undetected_chromedriver
2024-09-26 01:07:52,133 - INFO - Scanning complete
2024-09-26 01:10:12,927 - INFO - patching driver executable /Users/lukasfaulkner/Library/Application Support/undetected_chromedriver/undetected_chromedriver
2024-09-26 01:10:25,300 - INFO - patching driver executable /Users/lukasfaulkner/Library/Application Support/undetected_chromedriver/undetected_chromedriver
2024-09-26 01:10:48,021 - INFO - Scanning complete
2024-09-26 01:12:28,427 - INFO - patching driver executable /Users/lukasfaulkner/Library/Application Support/undetected_chromedriver/undetected_chromedriver
2024-09-26 01:12:40,763 - INFO - patching driver executable /Users/lukasfaulkner/Library/Application Support/undetected_chromedriver/undetected_chromedriver
2024-09-26 01:13:04,862 - INFO - Scanning complete
2024-09-26 01:13:37,979 - INFO - patching driver executable /Users/lukasfaulkner/Library/Application Support/undetected_chromedriver/undetected_chromedriver
2024-09-26 01:13:41,773 - INFO - Scanning complete
2024-09-26 01:14:00,278 - INFO - patching driver executable /Users/lukasfaulkner/Library/Application Support/undetected_chromedriver/undetected_chromedriver
2024-09-26 01:14:07,242 - INFO - Scanning complete
2024-09-26 01:18:47,878 - INFO - patching driver executable /Users/lukasfaulkner/Library/Application Support/undetected_chromedriver/undetected_chromedriver
2024-09-26 01:18:51,679 - INFO - Scanning complete
2024-09-26 01:19:13,903 - INFO - patching driver executable /Users/lukasfaulkner/Library/Application Support/undetected_chromedriver/undetected_chromedriver
2024-09-26 01:19:20,918 - INFO - Scanning complete
2024-09-26 01:21:26,930 - INFO - patching driver executable /Users/lukasfaulkner/Library/Application Support/undetected_chromedriver/undetected_chromedriver
2024-09-26 01:21:30,727 - INFO - Scanning complete
2024-09-26 01:21:55,717 - INFO - patching driver executable /Users/lukasfaulkner/Library/Application Support/undetected_chromedriver/undetected_chromedriver
2024-09-26 01:22:02,874 - INFO - Scanning complete
2024-09-26 01:24:27,188 - INFO - patching driver executable /Users/lukasfaulkner/Library/Application Support/undetected_chromedriver/undetected_chromedriver
2024-09-26 01:24:39,349 - INFO - patching driver executable /Users/lukasfaulkner/Library/Application Support/undetected_chromedriver/undetected_chromedriver
2024-09-26 01:25:00,003 - ERROR - Error extracting product specs: Traceback (most recent call last):
  File "/Users/lukasfaulkner/GitHub Projects/PFV-App/direct_dial_scraper.py", line 182, in extract_product_specs
    container = driver.find_element(By.ID, 'tab-specification')
                ^^^^^^^^^^^^^^^^^^^^^^^^^^^^^^^^^^^^^^^^^^^^^^^
  File "/Users/lukasfaulkner/GitHub Projects/PFV-App/.venv/lib/python3.12/site-packages/selenium/webdriver/remote/webdriver.py", line 748, in find_element
    return self.execute(Command.FIND_ELEMENT, {"using": by, "value": value})["value"]
           ^^^^^^^^^^^^^^^^^^^^^^^^^^^^^^^^^^^^^^^^^^^^^^^^^^^^^^^^^^^^^^^^^
  File "/Users/lukasfaulkner/GitHub Projects/PFV-App/.venv/lib/python3.12/site-packages/selenium/webdriver/remote/webdriver.py", line 354, in execute
    self.error_handler.check_response(response)
  File "/Users/lukasfaulkner/GitHub Projects/PFV-App/.venv/lib/python3.12/site-packages/selenium/webdriver/remote/errorhandler.py", line 229, in check_response
    raise exception_class(message, screen, stacktrace)
selenium.common.exceptions.NoSuchElementException: Message: no such element: Unable to locate element: {"method":"css selector","selector":"[id="tab-specification"]"}
  (Session info: chrome=129.0.6668.70); For documentation on this error, please visit: https://www.selenium.dev/documentation/webdriver/troubleshooting/errors#no-such-element-exception
Stacktrace:
0   undetected_chromedriver             0x0000000100e8bd68 undetected_chromedriver + 4996456
1   undetected_chromedriver             0x0000000100e8362a undetected_chromedriver + 4961834
2   undetected_chromedriver             0x0000000100a26d10 undetected_chromedriver + 388368
3   undetected_chromedriver             0x0000000100a7330f undetected_chromedriver + 701199
4   undetected_chromedriver             0x0000000100a733f1 undetected_chromedriver + 701425
5   undetected_chromedriver             0x0000000100ab8464 undetected_chromedriver + 984164
6   undetected_chromedriver             0x0000000100a979dd undetected_chromedriver + 850397
7   undetected_chromedriver             0x0000000100ab5a00 undetected_chromedriver + 973312
8   undetected_chromedriver             0x0000000100a97753 undetected_chromedriver + 849747
9   undetected_chromedriver             0x0000000100a66635 undetected_chromedriver + 648757
10  undetected_chromedriver             0x0000000100a66e5e undetected_chromedriver + 650846
11  undetected_chromedriver             0x0000000100e52050 undetected_chromedriver + 4759632
12  undetected_chromedriver             0x0000000100e56f68 undetected_chromedriver + 4779880
13  undetected_chromedriver             0x0000000100e57635 undetected_chromedriver + 4781621
14  undetected_chromedriver             0x0000000100e34af9 undetected_chromedriver + 4639481
15  undetected_chromedriver             0x0000000100e57929 undetected_chromedriver + 4782377
16  undetected_chromedriver             0x0000000100e26094 undetected_chromedriver + 4579476
17  undetected_chromedriver             0x0000000100e73a58 undetected_chromedriver + 4897368
18  undetected_chromedriver             0x0000000100e73c53 undetected_chromedriver + 4897875
19  undetected_chromedriver             0x0000000100e8322e undetected_chromedriver + 4960814
20  libsystem_pthread.dylib             0x00007ff81a037253 _pthread_start + 99
21  libsystem_pthread.dylib             0x00007ff81a032bef thread_start + 15


2024-09-26 01:25:05,033 - ERROR - Error extracting product specs: Traceback (most recent call last):
  File "/Users/lukasfaulkner/GitHub Projects/PFV-App/direct_dial_scraper.py", line 182, in extract_product_specs
    container = driver.find_element(By.ID, 'tab-specification')
                ^^^^^^^^^^^^^^^^^^^^^^^^^^^^^^^^^^^^^^^^^^^^^^^
  File "/Users/lukasfaulkner/GitHub Projects/PFV-App/.venv/lib/python3.12/site-packages/selenium/webdriver/remote/webdriver.py", line 748, in find_element
    return self.execute(Command.FIND_ELEMENT, {"using": by, "value": value})["value"]
           ^^^^^^^^^^^^^^^^^^^^^^^^^^^^^^^^^^^^^^^^^^^^^^^^^^^^^^^^^^^^^^^^^
  File "/Users/lukasfaulkner/GitHub Projects/PFV-App/.venv/lib/python3.12/site-packages/selenium/webdriver/remote/webdriver.py", line 354, in execute
    self.error_handler.check_response(response)
  File "/Users/lukasfaulkner/GitHub Projects/PFV-App/.venv/lib/python3.12/site-packages/selenium/webdriver/remote/errorhandler.py", line 229, in check_response
    raise exception_class(message, screen, stacktrace)
selenium.common.exceptions.NoSuchElementException: Message: no such element: Unable to locate element: {"method":"css selector","selector":"[id="tab-specification"]"}
  (Session info: chrome=129.0.6668.70); For documentation on this error, please visit: https://www.selenium.dev/documentation/webdriver/troubleshooting/errors#no-such-element-exception
Stacktrace:
0   undetected_chromedriver             0x0000000100e8bd68 undetected_chromedriver + 4996456
1   undetected_chromedriver             0x0000000100e8362a undetected_chromedriver + 4961834
2   undetected_chromedriver             0x0000000100a26d10 undetected_chromedriver + 388368
3   undetected_chromedriver             0x0000000100a7330f undetected_chromedriver + 701199
4   undetected_chromedriver             0x0000000100a733f1 undetected_chromedriver + 701425
5   undetected_chromedriver             0x0000000100ab8464 undetected_chromedriver + 984164
6   undetected_chromedriver             0x0000000100a979dd undetected_chromedriver + 850397
7   undetected_chromedriver             0x0000000100ab5a00 undetected_chromedriver + 973312
8   undetected_chromedriver             0x0000000100a97753 undetected_chromedriver + 849747
9   undetected_chromedriver             0x0000000100a66635 undetected_chromedriver + 648757
10  undetected_chromedriver             0x0000000100a66e5e undetected_chromedriver + 650846
11  undetected_chromedriver             0x0000000100e52050 undetected_chromedriver + 4759632
12  undetected_chromedriver             0x0000000100e56f68 undetected_chromedriver + 4779880
13  undetected_chromedriver             0x0000000100e57635 undetected_chromedriver + 4781621
14  undetected_chromedriver             0x0000000100e34af9 undetected_chromedriver + 4639481
15  undetected_chromedriver             0x0000000100e57929 undetected_chromedriver + 4782377
16  undetected_chromedriver             0x0000000100e26094 undetected_chromedriver + 4579476
17  undetected_chromedriver             0x0000000100e73a58 undetected_chromedriver + 4897368
18  undetected_chromedriver             0x0000000100e73c53 undetected_chromedriver + 4897875
19  undetected_chromedriver             0x0000000100e8322e undetected_chromedriver + 4960814
20  libsystem_pthread.dylib             0x00007ff81a037253 _pthread_start + 99
21  libsystem_pthread.dylib             0x00007ff81a032bef thread_start + 15


2024-09-26 01:25:07,128 - ERROR - Error extracting product specs: Traceback (most recent call last):
  File "/Users/lukasfaulkner/GitHub Projects/PFV-App/direct_dial_scraper.py", line 182, in extract_product_specs
    container = driver.find_element(By.ID, 'tab-specification')
                ^^^^^^^^^^^^^^^^^^^^^^^^^^^^^^^^^^^^^^^^^^^^^^^
  File "/Users/lukasfaulkner/GitHub Projects/PFV-App/.venv/lib/python3.12/site-packages/selenium/webdriver/remote/webdriver.py", line 748, in find_element
    return self.execute(Command.FIND_ELEMENT, {"using": by, "value": value})["value"]
           ^^^^^^^^^^^^^^^^^^^^^^^^^^^^^^^^^^^^^^^^^^^^^^^^^^^^^^^^^^^^^^^^^
  File "/Users/lukasfaulkner/GitHub Projects/PFV-App/.venv/lib/python3.12/site-packages/selenium/webdriver/remote/webdriver.py", line 354, in execute
    self.error_handler.check_response(response)
  File "/Users/lukasfaulkner/GitHub Projects/PFV-App/.venv/lib/python3.12/site-packages/selenium/webdriver/remote/errorhandler.py", line 229, in check_response
    raise exception_class(message, screen, stacktrace)
selenium.common.exceptions.NoSuchElementException: Message: no such element: Unable to locate element: {"method":"css selector","selector":"[id="tab-specification"]"}
  (Session info: chrome=129.0.6668.70); For documentation on this error, please visit: https://www.selenium.dev/documentation/webdriver/troubleshooting/errors#no-such-element-exception
Stacktrace:
0   undetected_chromedriver             0x0000000100e8bd68 undetected_chromedriver + 4996456
1   undetected_chromedriver             0x0000000100e8362a undetected_chromedriver + 4961834
2   undetected_chromedriver             0x0000000100a26d10 undetected_chromedriver + 388368
3   undetected_chromedriver             0x0000000100a7330f undetected_chromedriver + 701199
4   undetected_chromedriver             0x0000000100a733f1 undetected_chromedriver + 701425
5   undetected_chromedriver             0x0000000100ab8464 undetected_chromedriver + 984164
6   undetected_chromedriver             0x0000000100a979dd undetected_chromedriver + 850397
7   undetected_chromedriver             0x0000000100ab5a00 undetected_chromedriver + 973312
8   undetected_chromedriver             0x0000000100a97753 undetected_chromedriver + 849747
9   undetected_chromedriver             0x0000000100a66635 undetected_chromedriver + 648757
10  undetected_chromedriver             0x0000000100a66e5e undetected_chromedriver + 650846
11  undetected_chromedriver             0x0000000100e52050 undetected_chromedriver + 4759632
12  undetected_chromedriver             0x0000000100e56f68 undetected_chromedriver + 4779880
13  undetected_chromedriver             0x0000000100e57635 undetected_chromedriver + 4781621
14  undetected_chromedriver             0x0000000100e34af9 undetected_chromedriver + 4639481
15  undetected_chromedriver             0x0000000100e57929 undetected_chromedriver + 4782377
16  undetected_chromedriver             0x0000000100e26094 undetected_chromedriver + 4579476
17  undetected_chromedriver             0x0000000100e73a58 undetected_chromedriver + 4897368
18  undetected_chromedriver             0x0000000100e73c53 undetected_chromedriver + 4897875
19  undetected_chromedriver             0x0000000100e8322e undetected_chromedriver + 4960814
20  libsystem_pthread.dylib             0x00007ff81a037253 _pthread_start + 99
21  libsystem_pthread.dylib             0x00007ff81a032bef thread_start + 15


2024-09-26 01:25:12,448 - ERROR - Error extracting product specs: Traceback (most recent call last):
  File "/Users/lukasfaulkner/GitHub Projects/PFV-App/direct_dial_scraper.py", line 182, in extract_product_specs
    container = driver.find_element(By.ID, 'tab-specification')
                ^^^^^^^^^^^^^^^^^^^^^^^^^^^^^^^^^^^^^^^^^^^^^^^
  File "/Users/lukasfaulkner/GitHub Projects/PFV-App/.venv/lib/python3.12/site-packages/selenium/webdriver/remote/webdriver.py", line 748, in find_element
    return self.execute(Command.FIND_ELEMENT, {"using": by, "value": value})["value"]
           ^^^^^^^^^^^^^^^^^^^^^^^^^^^^^^^^^^^^^^^^^^^^^^^^^^^^^^^^^^^^^^^^^
  File "/Users/lukasfaulkner/GitHub Projects/PFV-App/.venv/lib/python3.12/site-packages/selenium/webdriver/remote/webdriver.py", line 354, in execute
    self.error_handler.check_response(response)
  File "/Users/lukasfaulkner/GitHub Projects/PFV-App/.venv/lib/python3.12/site-packages/selenium/webdriver/remote/errorhandler.py", line 229, in check_response
    raise exception_class(message, screen, stacktrace)
selenium.common.exceptions.NoSuchElementException: Message: no such element: Unable to locate element: {"method":"css selector","selector":"[id="tab-specification"]"}
  (Session info: chrome=129.0.6668.70); For documentation on this error, please visit: https://www.selenium.dev/documentation/webdriver/troubleshooting/errors#no-such-element-exception
Stacktrace:
0   undetected_chromedriver             0x0000000100e8bd68 undetected_chromedriver + 4996456
1   undetected_chromedriver             0x0000000100e8362a undetected_chromedriver + 4961834
2   undetected_chromedriver             0x0000000100a26d10 undetected_chromedriver + 388368
3   undetected_chromedriver             0x0000000100a7330f undetected_chromedriver + 701199
4   undetected_chromedriver             0x0000000100a733f1 undetected_chromedriver + 701425
5   undetected_chromedriver             0x0000000100ab8464 undetected_chromedriver + 984164
6   undetected_chromedriver             0x0000000100a979dd undetected_chromedriver + 850397
7   undetected_chromedriver             0x0000000100ab5a00 undetected_chromedriver + 973312
8   undetected_chromedriver             0x0000000100a97753 undetected_chromedriver + 849747
9   undetected_chromedriver             0x0000000100a66635 undetected_chromedriver + 648757
10  undetected_chromedriver             0x0000000100a66e5e undetected_chromedriver + 650846
11  undetected_chromedriver             0x0000000100e52050 undetected_chromedriver + 4759632
12  undetected_chromedriver             0x0000000100e56f68 undetected_chromedriver + 4779880
13  undetected_chromedriver             0x0000000100e57635 undetected_chromedriver + 4781621
14  undetected_chromedriver             0x0000000100e34af9 undetected_chromedriver + 4639481
15  undetected_chromedriver             0x0000000100e57929 undetected_chromedriver + 4782377
16  undetected_chromedriver             0x0000000100e26094 undetected_chromedriver + 4579476
17  undetected_chromedriver             0x0000000100e73a58 undetected_chromedriver + 4897368
18  undetected_chromedriver             0x0000000100e73c53 undetected_chromedriver + 4897875
19  undetected_chromedriver             0x0000000100e8322e undetected_chromedriver + 4960814
20  libsystem_pthread.dylib             0x00007ff81a037253 _pthread_start + 99
21  libsystem_pthread.dylib             0x00007ff81a032bef thread_start + 15


2024-09-26 01:25:12,747 - INFO - Scanning complete
2024-09-26 01:26:10,322 - INFO - patching driver executable /Users/lukasfaulkner/Library/Application Support/undetected_chromedriver/undetected_chromedriver
2024-09-26 01:26:22,667 - INFO - patching driver executable /Users/lukasfaulkner/Library/Application Support/undetected_chromedriver/undetected_chromedriver
2024-09-26 01:26:43,230 - ERROR - Error extracting product specs: Traceback (most recent call last):
  File "/Users/lukasfaulkner/GitHub Projects/PFV-App/direct_dial_scraper.py", line 184, in extract_product_specs
    container = driver.find_element(By.ID, 'tab-specification')
                ^^^^^^^^^^^^^^^^^^^^^^^^^^^^^^^^^^^^^^^^^^^^^^^
  File "/Users/lukasfaulkner/GitHub Projects/PFV-App/.venv/lib/python3.12/site-packages/selenium/webdriver/remote/webdriver.py", line 748, in find_element
    return self.execute(Command.FIND_ELEMENT, {"using": by, "value": value})["value"]
           ^^^^^^^^^^^^^^^^^^^^^^^^^^^^^^^^^^^^^^^^^^^^^^^^^^^^^^^^^^^^^^^^^
  File "/Users/lukasfaulkner/GitHub Projects/PFV-App/.venv/lib/python3.12/site-packages/selenium/webdriver/remote/webdriver.py", line 354, in execute
    self.error_handler.check_response(response)
  File "/Users/lukasfaulkner/GitHub Projects/PFV-App/.venv/lib/python3.12/site-packages/selenium/webdriver/remote/errorhandler.py", line 229, in check_response
    raise exception_class(message, screen, stacktrace)
selenium.common.exceptions.NoSuchElementException: Message: no such element: Unable to locate element: {"method":"css selector","selector":"[id="tab-specification"]"}
  (Session info: chrome=129.0.6668.70); For documentation on this error, please visit: https://www.selenium.dev/documentation/webdriver/troubleshooting/errors#no-such-element-exception
Stacktrace:
0   undetected_chromedriver             0x000000010279dd68 undetected_chromedriver + 4996456
1   undetected_chromedriver             0x000000010279562a undetected_chromedriver + 4961834
2   undetected_chromedriver             0x0000000102338d10 undetected_chromedriver + 388368
3   undetected_chromedriver             0x000000010238530f undetected_chromedriver + 701199
4   undetected_chromedriver             0x00000001023853f1 undetected_chromedriver + 701425
5   undetected_chromedriver             0x00000001023ca464 undetected_chromedriver + 984164
6   undetected_chromedriver             0x00000001023a99dd undetected_chromedriver + 850397
7   undetected_chromedriver             0x00000001023c7a00 undetected_chromedriver + 973312
8   undetected_chromedriver             0x00000001023a9753 undetected_chromedriver + 849747
9   undetected_chromedriver             0x0000000102378635 undetected_chromedriver + 648757
10  undetected_chromedriver             0x0000000102378e5e undetected_chromedriver + 650846
11  undetected_chromedriver             0x0000000102764050 undetected_chromedriver + 4759632
12  undetected_chromedriver             0x0000000102768f68 undetected_chromedriver + 4779880
13  undetected_chromedriver             0x0000000102769635 undetected_chromedriver + 4781621
14  undetected_chromedriver             0x0000000102746af9 undetected_chromedriver + 4639481
15  undetected_chromedriver             0x0000000102769929 undetected_chromedriver + 4782377
16  undetected_chromedriver             0x0000000102738094 undetected_chromedriver + 4579476
17  undetected_chromedriver             0x0000000102785a58 undetected_chromedriver + 4897368
18  undetected_chromedriver             0x0000000102785c53 undetected_chromedriver + 4897875
19  undetected_chromedriver             0x000000010279522e undetected_chromedriver + 4960814
20  libsystem_pthread.dylib             0x00007ff81a037253 _pthread_start + 99
21  libsystem_pthread.dylib             0x00007ff81a032bef thread_start + 15


2024-09-26 01:26:45,317 - ERROR - Error extracting product specs: Traceback (most recent call last):
  File "/Users/lukasfaulkner/GitHub Projects/PFV-App/direct_dial_scraper.py", line 184, in extract_product_specs
    container = driver.find_element(By.ID, 'tab-specification')
                ^^^^^^^^^^^^^^^^^^^^^^^^^^^^^^^^^^^^^^^^^^^^^^^
  File "/Users/lukasfaulkner/GitHub Projects/PFV-App/.venv/lib/python3.12/site-packages/selenium/webdriver/remote/webdriver.py", line 748, in find_element
    return self.execute(Command.FIND_ELEMENT, {"using": by, "value": value})["value"]
           ^^^^^^^^^^^^^^^^^^^^^^^^^^^^^^^^^^^^^^^^^^^^^^^^^^^^^^^^^^^^^^^^^
  File "/Users/lukasfaulkner/GitHub Projects/PFV-App/.venv/lib/python3.12/site-packages/selenium/webdriver/remote/webdriver.py", line 354, in execute
    self.error_handler.check_response(response)
  File "/Users/lukasfaulkner/GitHub Projects/PFV-App/.venv/lib/python3.12/site-packages/selenium/webdriver/remote/errorhandler.py", line 229, in check_response
    raise exception_class(message, screen, stacktrace)
selenium.common.exceptions.NoSuchElementException: Message: no such element: Unable to locate element: {"method":"css selector","selector":"[id="tab-specification"]"}
  (Session info: chrome=129.0.6668.70); For documentation on this error, please visit: https://www.selenium.dev/documentation/webdriver/troubleshooting/errors#no-such-element-exception
Stacktrace:
0   undetected_chromedriver             0x000000010279dd68 undetected_chromedriver + 4996456
1   undetected_chromedriver             0x000000010279562a undetected_chromedriver + 4961834
2   undetected_chromedriver             0x0000000102338d10 undetected_chromedriver + 388368
3   undetected_chromedriver             0x000000010238530f undetected_chromedriver + 701199
4   undetected_chromedriver             0x00000001023853f1 undetected_chromedriver + 701425
5   undetected_chromedriver             0x00000001023ca464 undetected_chromedriver + 984164
6   undetected_chromedriver             0x00000001023a99dd undetected_chromedriver + 850397
7   undetected_chromedriver             0x00000001023c7a00 undetected_chromedriver + 973312
8   undetected_chromedriver             0x00000001023a9753 undetected_chromedriver + 849747
9   undetected_chromedriver             0x0000000102378635 undetected_chromedriver + 648757
10  undetected_chromedriver             0x0000000102378e5e undetected_chromedriver + 650846
11  undetected_chromedriver             0x0000000102764050 undetected_chromedriver + 4759632
12  undetected_chromedriver             0x0000000102768f68 undetected_chromedriver + 4779880
13  undetected_chromedriver             0x0000000102769635 undetected_chromedriver + 4781621
14  undetected_chromedriver             0x0000000102746af9 undetected_chromedriver + 4639481
15  undetected_chromedriver             0x0000000102769929 undetected_chromedriver + 4782377
16  undetected_chromedriver             0x0000000102738094 undetected_chromedriver + 4579476
17  undetected_chromedriver             0x0000000102785a58 undetected_chromedriver + 4897368
18  undetected_chromedriver             0x0000000102785c53 undetected_chromedriver + 4897875
19  undetected_chromedriver             0x000000010279522e undetected_chromedriver + 4960814
20  libsystem_pthread.dylib             0x00007ff81a037253 _pthread_start + 99
21  libsystem_pthread.dylib             0x00007ff81a032bef thread_start + 15


2024-09-26 01:26:47,403 - ERROR - Error extracting product specs: Traceback (most recent call last):
  File "/Users/lukasfaulkner/GitHub Projects/PFV-App/direct_dial_scraper.py", line 184, in extract_product_specs
    container = driver.find_element(By.ID, 'tab-specification')
                ^^^^^^^^^^^^^^^^^^^^^^^^^^^^^^^^^^^^^^^^^^^^^^^
  File "/Users/lukasfaulkner/GitHub Projects/PFV-App/.venv/lib/python3.12/site-packages/selenium/webdriver/remote/webdriver.py", line 748, in find_element
    return self.execute(Command.FIND_ELEMENT, {"using": by, "value": value})["value"]
           ^^^^^^^^^^^^^^^^^^^^^^^^^^^^^^^^^^^^^^^^^^^^^^^^^^^^^^^^^^^^^^^^^
  File "/Users/lukasfaulkner/GitHub Projects/PFV-App/.venv/lib/python3.12/site-packages/selenium/webdriver/remote/webdriver.py", line 354, in execute
    self.error_handler.check_response(response)
  File "/Users/lukasfaulkner/GitHub Projects/PFV-App/.venv/lib/python3.12/site-packages/selenium/webdriver/remote/errorhandler.py", line 229, in check_response
    raise exception_class(message, screen, stacktrace)
selenium.common.exceptions.NoSuchElementException: Message: no such element: Unable to locate element: {"method":"css selector","selector":"[id="tab-specification"]"}
  (Session info: chrome=129.0.6668.70); For documentation on this error, please visit: https://www.selenium.dev/documentation/webdriver/troubleshooting/errors#no-such-element-exception
Stacktrace:
0   undetected_chromedriver             0x000000010279dd68 undetected_chromedriver + 4996456
1   undetected_chromedriver             0x000000010279562a undetected_chromedriver + 4961834
2   undetected_chromedriver             0x0000000102338d10 undetected_chromedriver + 388368
3   undetected_chromedriver             0x000000010238530f undetected_chromedriver + 701199
4   undetected_chromedriver             0x00000001023853f1 undetected_chromedriver + 701425
5   undetected_chromedriver             0x00000001023ca464 undetected_chromedriver + 984164
6   undetected_chromedriver             0x00000001023a99dd undetected_chromedriver + 850397
7   undetected_chromedriver             0x00000001023c7a00 undetected_chromedriver + 973312
8   undetected_chromedriver             0x00000001023a9753 undetected_chromedriver + 849747
9   undetected_chromedriver             0x0000000102378635 undetected_chromedriver + 648757
10  undetected_chromedriver             0x0000000102378e5e undetected_chromedriver + 650846
11  undetected_chromedriver             0x0000000102764050 undetected_chromedriver + 4759632
12  undetected_chromedriver             0x0000000102768f68 undetected_chromedriver + 4779880
13  undetected_chromedriver             0x0000000102769635 undetected_chromedriver + 4781621
14  undetected_chromedriver             0x0000000102746af9 undetected_chromedriver + 4639481
15  undetected_chromedriver             0x0000000102769929 undetected_chromedriver + 4782377
16  undetected_chromedriver             0x0000000102738094 undetected_chromedriver + 4579476
17  undetected_chromedriver             0x0000000102785a58 undetected_chromedriver + 4897368
18  undetected_chromedriver             0x0000000102785c53 undetected_chromedriver + 4897875
19  undetected_chromedriver             0x000000010279522e undetected_chromedriver + 4960814
20  libsystem_pthread.dylib             0x00007ff81a037253 _pthread_start + 99
21  libsystem_pthread.dylib             0x00007ff81a032bef thread_start + 15


2024-09-26 01:26:49,483 - ERROR - Error extracting product specs: Traceback (most recent call last):
  File "/Users/lukasfaulkner/GitHub Projects/PFV-App/direct_dial_scraper.py", line 184, in extract_product_specs
    container = driver.find_element(By.ID, 'tab-specification')
                ^^^^^^^^^^^^^^^^^^^^^^^^^^^^^^^^^^^^^^^^^^^^^^^
  File "/Users/lukasfaulkner/GitHub Projects/PFV-App/.venv/lib/python3.12/site-packages/selenium/webdriver/remote/webdriver.py", line 748, in find_element
    return self.execute(Command.FIND_ELEMENT, {"using": by, "value": value})["value"]
           ^^^^^^^^^^^^^^^^^^^^^^^^^^^^^^^^^^^^^^^^^^^^^^^^^^^^^^^^^^^^^^^^^
  File "/Users/lukasfaulkner/GitHub Projects/PFV-App/.venv/lib/python3.12/site-packages/selenium/webdriver/remote/webdriver.py", line 354, in execute
    self.error_handler.check_response(response)
  File "/Users/lukasfaulkner/GitHub Projects/PFV-App/.venv/lib/python3.12/site-packages/selenium/webdriver/remote/errorhandler.py", line 229, in check_response
    raise exception_class(message, screen, stacktrace)
selenium.common.exceptions.NoSuchElementException: Message: no such element: Unable to locate element: {"method":"css selector","selector":"[id="tab-specification"]"}
  (Session info: chrome=129.0.6668.70); For documentation on this error, please visit: https://www.selenium.dev/documentation/webdriver/troubleshooting/errors#no-such-element-exception
Stacktrace:
0   undetected_chromedriver             0x000000010279dd68 undetected_chromedriver + 4996456
1   undetected_chromedriver             0x000000010279562a undetected_chromedriver + 4961834
2   undetected_chromedriver             0x0000000102338d10 undetected_chromedriver + 388368
3   undetected_chromedriver             0x000000010238530f undetected_chromedriver + 701199
4   undetected_chromedriver             0x00000001023853f1 undetected_chromedriver + 701425
5   undetected_chromedriver             0x00000001023ca464 undetected_chromedriver + 984164
6   undetected_chromedriver             0x00000001023a99dd undetected_chromedriver + 850397
7   undetected_chromedriver             0x00000001023c7a00 undetected_chromedriver + 973312
8   undetected_chromedriver             0x00000001023a9753 undetected_chromedriver + 849747
9   undetected_chromedriver             0x0000000102378635 undetected_chromedriver + 648757
10  undetected_chromedriver             0x0000000102378e5e undetected_chromedriver + 650846
11  undetected_chromedriver             0x0000000102764050 undetected_chromedriver + 4759632
12  undetected_chromedriver             0x0000000102768f68 undetected_chromedriver + 4779880
13  undetected_chromedriver             0x0000000102769635 undetected_chromedriver + 4781621
14  undetected_chromedriver             0x0000000102746af9 undetected_chromedriver + 4639481
15  undetected_chromedriver             0x0000000102769929 undetected_chromedriver + 4782377
16  undetected_chromedriver             0x0000000102738094 undetected_chromedriver + 4579476
17  undetected_chromedriver             0x0000000102785a58 undetected_chromedriver + 4897368
18  undetected_chromedriver             0x0000000102785c53 undetected_chromedriver + 4897875
19  undetected_chromedriver             0x000000010279522e undetected_chromedriver + 4960814
20  libsystem_pthread.dylib             0x00007ff81a037253 _pthread_start + 99
21  libsystem_pthread.dylib             0x00007ff81a032bef thread_start + 15


2024-09-26 01:26:51,568 - ERROR - Error extracting product specs: Traceback (most recent call last):
  File "/Users/lukasfaulkner/GitHub Projects/PFV-App/direct_dial_scraper.py", line 184, in extract_product_specs
    container = driver.find_element(By.ID, 'tab-specification')
                ^^^^^^^^^^^^^^^^^^^^^^^^^^^^^^^^^^^^^^^^^^^^^^^
  File "/Users/lukasfaulkner/GitHub Projects/PFV-App/.venv/lib/python3.12/site-packages/selenium/webdriver/remote/webdriver.py", line 748, in find_element
    return self.execute(Command.FIND_ELEMENT, {"using": by, "value": value})["value"]
           ^^^^^^^^^^^^^^^^^^^^^^^^^^^^^^^^^^^^^^^^^^^^^^^^^^^^^^^^^^^^^^^^^
  File "/Users/lukasfaulkner/GitHub Projects/PFV-App/.venv/lib/python3.12/site-packages/selenium/webdriver/remote/webdriver.py", line 354, in execute
    self.error_handler.check_response(response)
  File "/Users/lukasfaulkner/GitHub Projects/PFV-App/.venv/lib/python3.12/site-packages/selenium/webdriver/remote/errorhandler.py", line 229, in check_response
    raise exception_class(message, screen, stacktrace)
selenium.common.exceptions.NoSuchElementException: Message: no such element: Unable to locate element: {"method":"css selector","selector":"[id="tab-specification"]"}
  (Session info: chrome=129.0.6668.70); For documentation on this error, please visit: https://www.selenium.dev/documentation/webdriver/troubleshooting/errors#no-such-element-exception
Stacktrace:
0   undetected_chromedriver             0x000000010279dd68 undetected_chromedriver + 4996456
1   undetected_chromedriver             0x000000010279562a undetected_chromedriver + 4961834
2   undetected_chromedriver             0x0000000102338d10 undetected_chromedriver + 388368
3   undetected_chromedriver             0x000000010238530f undetected_chromedriver + 701199
4   undetected_chromedriver             0x00000001023853f1 undetected_chromedriver + 701425
5   undetected_chromedriver             0x00000001023ca464 undetected_chromedriver + 984164
6   undetected_chromedriver             0x00000001023a99dd undetected_chromedriver + 850397
7   undetected_chromedriver             0x00000001023c7a00 undetected_chromedriver + 973312
8   undetected_chromedriver             0x00000001023a9753 undetected_chromedriver + 849747
9   undetected_chromedriver             0x0000000102378635 undetected_chromedriver + 648757
10  undetected_chromedriver             0x0000000102378e5e undetected_chromedriver + 650846
11  undetected_chromedriver             0x0000000102764050 undetected_chromedriver + 4759632
12  undetected_chromedriver             0x0000000102768f68 undetected_chromedriver + 4779880
13  undetected_chromedriver             0x0000000102769635 undetected_chromedriver + 4781621
14  undetected_chromedriver             0x0000000102746af9 undetected_chromedriver + 4639481
15  undetected_chromedriver             0x0000000102769929 undetected_chromedriver + 4782377
16  undetected_chromedriver             0x0000000102738094 undetected_chromedriver + 4579476
17  undetected_chromedriver             0x0000000102785a58 undetected_chromedriver + 4897368
18  undetected_chromedriver             0x0000000102785c53 undetected_chromedriver + 4897875
19  undetected_chromedriver             0x000000010279522e undetected_chromedriver + 4960814
20  libsystem_pthread.dylib             0x00007ff81a037253 _pthread_start + 99
21  libsystem_pthread.dylib             0x00007ff81a032bef thread_start + 15


2024-09-26 01:26:53,651 - ERROR - Error extracting product specs: Traceback (most recent call last):
  File "/Users/lukasfaulkner/GitHub Projects/PFV-App/direct_dial_scraper.py", line 184, in extract_product_specs
    container = driver.find_element(By.ID, 'tab-specification')
                ^^^^^^^^^^^^^^^^^^^^^^^^^^^^^^^^^^^^^^^^^^^^^^^
  File "/Users/lukasfaulkner/GitHub Projects/PFV-App/.venv/lib/python3.12/site-packages/selenium/webdriver/remote/webdriver.py", line 748, in find_element
    return self.execute(Command.FIND_ELEMENT, {"using": by, "value": value})["value"]
           ^^^^^^^^^^^^^^^^^^^^^^^^^^^^^^^^^^^^^^^^^^^^^^^^^^^^^^^^^^^^^^^^^
  File "/Users/lukasfaulkner/GitHub Projects/PFV-App/.venv/lib/python3.12/site-packages/selenium/webdriver/remote/webdriver.py", line 354, in execute
    self.error_handler.check_response(response)
  File "/Users/lukasfaulkner/GitHub Projects/PFV-App/.venv/lib/python3.12/site-packages/selenium/webdriver/remote/errorhandler.py", line 229, in check_response
    raise exception_class(message, screen, stacktrace)
selenium.common.exceptions.NoSuchElementException: Message: no such element: Unable to locate element: {"method":"css selector","selector":"[id="tab-specification"]"}
  (Session info: chrome=129.0.6668.70); For documentation on this error, please visit: https://www.selenium.dev/documentation/webdriver/troubleshooting/errors#no-such-element-exception
Stacktrace:
0   undetected_chromedriver             0x000000010279dd68 undetected_chromedriver + 4996456
1   undetected_chromedriver             0x000000010279562a undetected_chromedriver + 4961834
2   undetected_chromedriver             0x0000000102338d10 undetected_chromedriver + 388368
3   undetected_chromedriver             0x000000010238530f undetected_chromedriver + 701199
4   undetected_chromedriver             0x00000001023853f1 undetected_chromedriver + 701425
5   undetected_chromedriver             0x00000001023ca464 undetected_chromedriver + 984164
6   undetected_chromedriver             0x00000001023a99dd undetected_chromedriver + 850397
7   undetected_chromedriver             0x00000001023c7a00 undetected_chromedriver + 973312
8   undetected_chromedriver             0x00000001023a9753 undetected_chromedriver + 849747
9   undetected_chromedriver             0x0000000102378635 undetected_chromedriver + 648757
10  undetected_chromedriver             0x0000000102378e5e undetected_chromedriver + 650846
11  undetected_chromedriver             0x0000000102764050 undetected_chromedriver + 4759632
12  undetected_chromedriver             0x0000000102768f68 undetected_chromedriver + 4779880
13  undetected_chromedriver             0x0000000102769635 undetected_chromedriver + 4781621
14  undetected_chromedriver             0x0000000102746af9 undetected_chromedriver + 4639481
15  undetected_chromedriver             0x0000000102769929 undetected_chromedriver + 4782377
16  undetected_chromedriver             0x0000000102738094 undetected_chromedriver + 4579476
17  undetected_chromedriver             0x0000000102785a58 undetected_chromedriver + 4897368
18  undetected_chromedriver             0x0000000102785c53 undetected_chromedriver + 4897875
19  undetected_chromedriver             0x000000010279522e undetected_chromedriver + 4960814
20  libsystem_pthread.dylib             0x00007ff81a037253 _pthread_start + 99
21  libsystem_pthread.dylib             0x00007ff81a032bef thread_start + 15


2024-09-26 01:26:53,951 - INFO - Scanning complete
2024-09-26 01:27:22,746 - INFO - patching driver executable /Users/lukasfaulkner/Library/Application Support/undetected_chromedriver/undetected_chromedriver
2024-09-26 01:27:35,322 - INFO - patching driver executable /Users/lukasfaulkner/Library/Application Support/undetected_chromedriver/undetected_chromedriver
2024-09-26 01:28:00,345 - ERROR - Error extracting product specs: Traceback (most recent call last):
  File "/Users/lukasfaulkner/GitHub Projects/PFV-App/direct_dial_scraper.py", line 182, in extract_product_specs
    container = driver.find_element(By.ID, 'tab-specification')
                ^^^^^^^^^^^^^^^^^^^^^^^^^^^^^^^^^^^^^^^^^^^^^^^
  File "/Users/lukasfaulkner/GitHub Projects/PFV-App/.venv/lib/python3.12/site-packages/selenium/webdriver/remote/webdriver.py", line 748, in find_element
    return self.execute(Command.FIND_ELEMENT, {"using": by, "value": value})["value"]
           ^^^^^^^^^^^^^^^^^^^^^^^^^^^^^^^^^^^^^^^^^^^^^^^^^^^^^^^^^^^^^^^^^
  File "/Users/lukasfaulkner/GitHub Projects/PFV-App/.venv/lib/python3.12/site-packages/selenium/webdriver/remote/webdriver.py", line 354, in execute
    self.error_handler.check_response(response)
  File "/Users/lukasfaulkner/GitHub Projects/PFV-App/.venv/lib/python3.12/site-packages/selenium/webdriver/remote/errorhandler.py", line 229, in check_response
    raise exception_class(message, screen, stacktrace)
selenium.common.exceptions.NoSuchElementException: Message: no such element: Unable to locate element: {"method":"css selector","selector":"[id="tab-specification"]"}
  (Session info: chrome=129.0.6668.70); For documentation on this error, please visit: https://www.selenium.dev/documentation/webdriver/troubleshooting/errors#no-such-element-exception
Stacktrace:
0   undetected_chromedriver             0x000000010502ad68 undetected_chromedriver + 4996456
1   undetected_chromedriver             0x000000010502262a undetected_chromedriver + 4961834
2   undetected_chromedriver             0x0000000104bc5d10 undetected_chromedriver + 388368
3   undetected_chromedriver             0x0000000104c1230f undetected_chromedriver + 701199
4   undetected_chromedriver             0x0000000104c123f1 undetected_chromedriver + 701425
5   undetected_chromedriver             0x0000000104c57464 undetected_chromedriver + 984164
6   undetected_chromedriver             0x0000000104c369dd undetected_chromedriver + 850397
7   undetected_chromedriver             0x0000000104c54a00 undetected_chromedriver + 973312
8   undetected_chromedriver             0x0000000104c36753 undetected_chromedriver + 849747
9   undetected_chromedriver             0x0000000104c05635 undetected_chromedriver + 648757
10  undetected_chromedriver             0x0000000104c05e5e undetected_chromedriver + 650846
11  undetected_chromedriver             0x0000000104ff1050 undetected_chromedriver + 4759632
12  undetected_chromedriver             0x0000000104ff5f68 undetected_chromedriver + 4779880
13  undetected_chromedriver             0x0000000104ff6635 undetected_chromedriver + 4781621
14  undetected_chromedriver             0x0000000104fd3af9 undetected_chromedriver + 4639481
15  undetected_chromedriver             0x0000000104ff6929 undetected_chromedriver + 4782377
16  undetected_chromedriver             0x0000000104fc5094 undetected_chromedriver + 4579476
17  undetected_chromedriver             0x0000000105012a58 undetected_chromedriver + 4897368
18  undetected_chromedriver             0x0000000105012c53 undetected_chromedriver + 4897875
19  undetected_chromedriver             0x000000010502222e undetected_chromedriver + 4960814
20  libsystem_pthread.dylib             0x00007ff81a037253 _pthread_start + 99
21  libsystem_pthread.dylib             0x00007ff81a032bef thread_start + 15


2024-09-26 01:28:05,472 - ERROR - Error extracting product specs: Traceback (most recent call last):
  File "/Users/lukasfaulkner/GitHub Projects/PFV-App/direct_dial_scraper.py", line 182, in extract_product_specs
    container = driver.find_element(By.ID, 'tab-specification')
                ^^^^^^^^^^^^^^^^^^^^^^^^^^^^^^^^^^^^^^^^^^^^^^^
  File "/Users/lukasfaulkner/GitHub Projects/PFV-App/.venv/lib/python3.12/site-packages/selenium/webdriver/remote/webdriver.py", line 748, in find_element
    return self.execute(Command.FIND_ELEMENT, {"using": by, "value": value})["value"]
           ^^^^^^^^^^^^^^^^^^^^^^^^^^^^^^^^^^^^^^^^^^^^^^^^^^^^^^^^^^^^^^^^^
  File "/Users/lukasfaulkner/GitHub Projects/PFV-App/.venv/lib/python3.12/site-packages/selenium/webdriver/remote/webdriver.py", line 354, in execute
    self.error_handler.check_response(response)
  File "/Users/lukasfaulkner/GitHub Projects/PFV-App/.venv/lib/python3.12/site-packages/selenium/webdriver/remote/errorhandler.py", line 229, in check_response
    raise exception_class(message, screen, stacktrace)
selenium.common.exceptions.NoSuchElementException: Message: no such element: Unable to locate element: {"method":"css selector","selector":"[id="tab-specification"]"}
  (Session info: chrome=129.0.6668.70); For documentation on this error, please visit: https://www.selenium.dev/documentation/webdriver/troubleshooting/errors#no-such-element-exception
Stacktrace:
0   undetected_chromedriver             0x000000010502ad68 undetected_chromedriver + 4996456
1   undetected_chromedriver             0x000000010502262a undetected_chromedriver + 4961834
2   undetected_chromedriver             0x0000000104bc5d10 undetected_chromedriver + 388368
3   undetected_chromedriver             0x0000000104c1230f undetected_chromedriver + 701199
4   undetected_chromedriver             0x0000000104c123f1 undetected_chromedriver + 701425
5   undetected_chromedriver             0x0000000104c57464 undetected_chromedriver + 984164
6   undetected_chromedriver             0x0000000104c369dd undetected_chromedriver + 850397
7   undetected_chromedriver             0x0000000104c54a00 undetected_chromedriver + 973312
8   undetected_chromedriver             0x0000000104c36753 undetected_chromedriver + 849747
9   undetected_chromedriver             0x0000000104c05635 undetected_chromedriver + 648757
10  undetected_chromedriver             0x0000000104c05e5e undetected_chromedriver + 650846
11  undetected_chromedriver             0x0000000104ff1050 undetected_chromedriver + 4759632
12  undetected_chromedriver             0x0000000104ff5f68 undetected_chromedriver + 4779880
13  undetected_chromedriver             0x0000000104ff6635 undetected_chromedriver + 4781621
14  undetected_chromedriver             0x0000000104fd3af9 undetected_chromedriver + 4639481
15  undetected_chromedriver             0x0000000104ff6929 undetected_chromedriver + 4782377
16  undetected_chromedriver             0x0000000104fc5094 undetected_chromedriver + 4579476
17  undetected_chromedriver             0x0000000105012a58 undetected_chromedriver + 4897368
18  undetected_chromedriver             0x0000000105012c53 undetected_chromedriver + 4897875
19  undetected_chromedriver             0x000000010502222e undetected_chromedriver + 4960814
20  libsystem_pthread.dylib             0x00007ff81a037253 _pthread_start + 99
21  libsystem_pthread.dylib             0x00007ff81a032bef thread_start + 15


2024-09-26 01:28:07,567 - ERROR - Error extracting product specs: Traceback (most recent call last):
  File "/Users/lukasfaulkner/GitHub Projects/PFV-App/direct_dial_scraper.py", line 182, in extract_product_specs
    container = driver.find_element(By.ID, 'tab-specification')
                ^^^^^^^^^^^^^^^^^^^^^^^^^^^^^^^^^^^^^^^^^^^^^^^
  File "/Users/lukasfaulkner/GitHub Projects/PFV-App/.venv/lib/python3.12/site-packages/selenium/webdriver/remote/webdriver.py", line 748, in find_element
    return self.execute(Command.FIND_ELEMENT, {"using": by, "value": value})["value"]
           ^^^^^^^^^^^^^^^^^^^^^^^^^^^^^^^^^^^^^^^^^^^^^^^^^^^^^^^^^^^^^^^^^
  File "/Users/lukasfaulkner/GitHub Projects/PFV-App/.venv/lib/python3.12/site-packages/selenium/webdriver/remote/webdriver.py", line 354, in execute
    self.error_handler.check_response(response)
  File "/Users/lukasfaulkner/GitHub Projects/PFV-App/.venv/lib/python3.12/site-packages/selenium/webdriver/remote/errorhandler.py", line 229, in check_response
    raise exception_class(message, screen, stacktrace)
selenium.common.exceptions.NoSuchElementException: Message: no such element: Unable to locate element: {"method":"css selector","selector":"[id="tab-specification"]"}
  (Session info: chrome=129.0.6668.70); For documentation on this error, please visit: https://www.selenium.dev/documentation/webdriver/troubleshooting/errors#no-such-element-exception
Stacktrace:
0   undetected_chromedriver             0x000000010502ad68 undetected_chromedriver + 4996456
1   undetected_chromedriver             0x000000010502262a undetected_chromedriver + 4961834
2   undetected_chromedriver             0x0000000104bc5d10 undetected_chromedriver + 388368
3   undetected_chromedriver             0x0000000104c1230f undetected_chromedriver + 701199
4   undetected_chromedriver             0x0000000104c123f1 undetected_chromedriver + 701425
5   undetected_chromedriver             0x0000000104c57464 undetected_chromedriver + 984164
6   undetected_chromedriver             0x0000000104c369dd undetected_chromedriver + 850397
7   undetected_chromedriver             0x0000000104c54a00 undetected_chromedriver + 973312
8   undetected_chromedriver             0x0000000104c36753 undetected_chromedriver + 849747
9   undetected_chromedriver             0x0000000104c05635 undetected_chromedriver + 648757
10  undetected_chromedriver             0x0000000104c05e5e undetected_chromedriver + 650846
11  undetected_chromedriver             0x0000000104ff1050 undetected_chromedriver + 4759632
12  undetected_chromedriver             0x0000000104ff5f68 undetected_chromedriver + 4779880
13  undetected_chromedriver             0x0000000104ff6635 undetected_chromedriver + 4781621
14  undetected_chromedriver             0x0000000104fd3af9 undetected_chromedriver + 4639481
15  undetected_chromedriver             0x0000000104ff6929 undetected_chromedriver + 4782377
16  undetected_chromedriver             0x0000000104fc5094 undetected_chromedriver + 4579476
17  undetected_chromedriver             0x0000000105012a58 undetected_chromedriver + 4897368
18  undetected_chromedriver             0x0000000105012c53 undetected_chromedriver + 4897875
19  undetected_chromedriver             0x000000010502222e undetected_chromedriver + 4960814
20  libsystem_pthread.dylib             0x00007ff81a037253 _pthread_start + 99
21  libsystem_pthread.dylib             0x00007ff81a032bef thread_start + 15


2024-09-26 01:28:11,188 - INFO - Scanning complete
